[2022/04/30 20:24:20.446] - Starting server with initial configuration: {"gasLimit":6721975,"gasPrice":20000000000,"hardfork":"muirGlacier","hostname":"127.0.0.1","port":8545,"network_id":5777,"default_balance_ether":10000,"total_accounts":3,"unlocked_accounts":[],"locked":false,"vmErrorsOnRPCResponse":true,"verbose":false,"db_path":"/home/secondport/.config/Ganache/workspaces/successful-cake/chaindata","logDirectory":"/home/secondport/Documents/DApps/Logs"}
[2022/04/30 20:24:20.481] - eth_subscribe
[2022/04/30 20:24:20.482] - eth_getLogs
[2022/04/30 20:24:20.482] - eth_subscribe
[2022/04/30 20:24:20.488] - eth_subscribe
[2022/04/30 20:24:20.489] - eth_getLogs
[2022/04/30 20:24:20.489] - eth_subscribe
[2022/04/30 20:24:20.494] - eth_blockNumber
[2022/04/30 20:24:20.494] - eth_accounts
[2022/04/30 20:24:20.495] - eth_gasPrice
[2022/04/30 20:24:20.495] - eth_getBlockByNumber
[2022/04/30 20:24:20.495] - eth_subscribe
[2022/04/30 20:24:20.502] - eth_getBalance
[2022/04/30 20:24:20.503] - eth_getTransactionCount
[2022/04/30 20:24:20.503] - eth_getBalance
[2022/04/30 20:24:20.504] - eth_getTransactionCount
[2022/04/30 20:24:20.505] - eth_getBalance
[2022/04/30 20:24:20.505] - eth_getTransactionCount
[2022/04/30 20:24:20.506] - eth_getBalance
[2022/04/30 20:24:20.506] - eth_getTransactionCount
[2022/04/30 20:24:20.507] - eth_getBalance
[2022/04/30 20:24:20.508] - eth_getTransactionCount
[2022/04/30 20:24:20.508] - eth_getBalance
[2022/04/30 20:24:20.510] - eth_getTransactionCount
[2022/04/30 20:24:20.510] - eth_blockNumber
[2022/04/30 20:24:20.510] - eth_accounts
[2022/04/30 20:24:20.511] - eth_gasPrice
[2022/04/30 20:24:20.511] - eth_getBlockByNumber
[2022/04/30 20:24:20.511] - eth_subscribe
[2022/04/30 20:24:20.548] - eth_getBalance
[2022/04/30 20:24:20.548] - eth_getTransactionCount
[2022/04/30 20:24:20.549] - eth_getBalance
[2022/04/30 20:24:20.550] - eth_getTransactionCount
[2022/04/30 20:24:20.551] - eth_getBalance
[2022/04/30 20:24:20.551] - eth_getTransactionCount
[2022/04/30 20:24:20.552] - eth_getBalance
[2022/04/30 20:24:20.553] - eth_getTransactionCount
[2022/04/30 20:24:20.553] - eth_getBalance
[2022/04/30 20:24:20.554] - eth_getTransactionCount
[2022/04/30 20:24:20.555] - eth_getBalance
[2022/04/30 20:24:20.555] - eth_getTransactionCount
[2022/04/30 20:24:21.107] - net_version
[2022/04/30 20:24:21.156] - eth_accounts
[2022/04/30 20:24:21.164] - eth_getBalance
[2022/04/30 20:24:21.172] - eth_getBalance
[2022/04/30 20:24:21.179] - eth_getBalance
[2022/04/30 20:24:22.107] - net_version
[2022/04/30 20:24:22.156] - eth_accounts
[2022/04/30 20:24:22.165] - eth_getBalance
[2022/04/30 20:24:22.173] - eth_getBalance
[2022/04/30 20:24:22.191] - eth_getBalance
[2022/04/30 20:24:23.116] - net_version
[2022/04/30 20:24:23.156] - eth_accounts
[2022/04/30 20:24:23.165] - eth_getBalance
[2022/04/30 20:24:23.173] - eth_getBalance
[2022/04/30 20:24:23.182] - eth_getBalance
[2022/04/30 20:24:24.107] - net_version
[2022/04/30 20:24:24.157] - eth_accounts
[2022/04/30 20:24:24.165] - eth_getBalance
[2022/04/30 20:24:24.178] - eth_getBalance
[2022/04/30 20:24:24.186] - eth_getBalance
[2022/04/30 20:24:25.106] - net_version
[2022/04/30 20:24:25.156] - eth_accounts
[2022/04/30 20:24:25.165] - eth_getBalance
[2022/04/30 20:24:25.173] - eth_getBalance
[2022/04/30 20:24:25.183] - eth_getBalance
[2022/04/30 20:24:26.106] - net_version
[2022/04/30 20:24:26.156] - eth_accounts
[2022/04/30 20:24:26.163] - eth_getBalance
[2022/04/30 20:24:26.171] - eth_getBalance
[2022/04/30 20:24:26.180] - eth_getBalance
[2022/04/30 20:24:27.107] - net_version
[2022/04/30 20:24:27.156] - eth_accounts
[2022/04/30 20:24:27.164] - eth_getBalance
[2022/04/30 20:24:27.171] - eth_getBalance
[2022/04/30 20:24:27.179] - eth_getBalance
[2022/04/30 20:24:28.191] - net_version
[2022/04/30 20:24:28.199] - eth_accounts
[2022/04/30 20:24:28.208] - eth_getBalance
[2022/04/30 20:24:28.216] - eth_getBalance
[2022/04/30 20:24:28.223] - eth_getBalance
[2022/04/30 20:24:29.106] - net_version
[2022/04/30 20:24:29.157] - eth_accounts
[2022/04/30 20:24:29.165] - eth_getBalance
[2022/04/30 20:24:29.173] - eth_getBalance
[2022/04/30 20:24:29.181] - eth_getBalance
[2022/04/30 20:24:30.117] - net_version
[2022/04/30 20:24:30.156] - eth_accounts
[2022/04/30 20:24:30.165] - eth_getBalance
[2022/04/30 20:24:30.173] - eth_getBalance
[2022/04/30 20:24:30.181] - eth_getBalance
[2022/04/30 20:24:30.713] - eth_accounts
[2022/04/30 20:24:30.721] - eth_estimateGas
[2022/04/30 20:25:00.151] - eth_getBlockByNumber
[2022/04/30 20:25:00.162] - net_version
[2022/04/30 20:25:00.171] - eth_accounts
[2022/04/30 20:25:00.179] - net_version
[2022/04/30 20:25:00.187] - eth_accounts
[2022/04/30 20:25:00.194] - net_version
[2022/04/30 20:25:00.204] - eth_accounts
[2022/04/30 20:25:00.213] - net_version
[2022/04/30 20:25:00.221] - eth_accounts
[2022/04/30 20:25:00.229] - net_version
[2022/04/30 20:25:00.238] - eth_accounts
[2022/04/30 20:25:00.247] - net_version
[2022/04/30 20:25:00.259] - eth_accounts
[2022/04/30 20:25:00.267] - net_version
[2022/04/30 20:25:00.275] - eth_accounts
[2022/04/30 20:25:00.283] - net_version
[2022/04/30 20:25:00.290] - eth_accounts
[2022/04/30 20:25:00.302] - net_version
[2022/04/30 20:25:00.313] - eth_accounts
[2022/04/30 20:25:00.320] - net_version
[2022/04/30 20:25:00.328] - eth_accounts
[2022/04/30 20:25:00.336] - net_version
[2022/04/30 20:25:00.344] - eth_accounts
[2022/04/30 20:25:00.351] - net_version
[2022/04/30 20:25:00.360] - eth_accounts
[2022/04/30 20:25:00.368] - net_version
[2022/04/30 20:25:00.376] - eth_accounts
[2022/04/30 20:25:00.383] - net_version
[2022/04/30 20:25:00.392] - eth_accounts
[2022/04/30 20:25:00.401] - net_version
[2022/04/30 20:25:00.411] - eth_accounts
[2022/04/30 20:25:00.420] - eth_getBlockByNumber
[2022/04/30 20:25:00.428] - net_version
[2022/04/30 20:25:00.436] - eth_accounts
[2022/04/30 20:25:00.444] - net_version
[2022/04/30 20:25:00.452] - eth_accounts
[2022/04/30 20:25:00.460] - net_version
[2022/04/30 20:25:00.468] - eth_accounts
[2022/04/30 20:25:00.476] - net_version
[2022/04/30 20:25:00.484] - eth_accounts
[2022/04/30 20:25:00.492] - net_version
[2022/04/30 20:25:00.500] - eth_accounts
[2022/04/30 20:25:00.508] - net_version
[2022/04/30 20:25:00.515] - eth_accounts
[2022/04/30 20:25:00.524] - net_version
[2022/04/30 20:25:00.533] - eth_accounts
[2022/04/30 20:25:00.541] - net_version
[2022/04/30 20:25:00.552] - eth_accounts
[2022/04/30 20:25:00.561] - net_version
[2022/04/30 20:25:00.570] - eth_accounts
[2022/04/30 20:25:00.579] - net_version
[2022/04/30 20:25:00.587] - eth_accounts
[2022/04/30 20:25:00.595] - net_version
[2022/04/30 20:25:00.602] - eth_accounts
[2022/04/30 20:25:00.610] - net_version
[2022/04/30 20:25:00.618] - eth_accounts
[2022/04/30 20:25:00.625] - net_version
[2022/04/30 20:25:00.633] - eth_accounts
[2022/04/30 20:25:00.641] - net_version
[2022/04/30 20:25:00.648] - eth_accounts
[2022/04/30 20:25:00.656] - net_version
[2022/04/30 20:25:00.664] - net_version
[2022/04/30 20:25:00.671] - eth_accounts
[2022/04/30 20:25:00.679] - net_version
[2022/04/30 20:25:00.686] - eth_getBalance
[2022/04/30 20:25:00.696] - eth_getBalance
[2022/04/30 20:25:00.707] - eth_getBalance
[2022/04/30 20:25:00.716] - eth_getBalance
[2022/04/30 20:25:00.724] - eth_getBalance
[2022/04/30 20:25:00.732] - eth_getBalance
[2022/04/30 20:25:00.740] - eth_getBalance
[2022/04/30 20:25:00.748] - eth_getBalance
[2022/04/30 20:25:00.757] - eth_getBalance
[2022/04/30 20:25:00.765] - eth_getBalance
[2022/04/30 20:25:00.773] - eth_getBalance
[2022/04/30 20:25:00.781] - eth_getBalance
[2022/04/30 20:25:00.789] - eth_getBalance
[2022/04/30 20:25:00.797] - eth_getBalance
[2022/04/30 20:25:00.805] - eth_getBalance
[2022/04/30 20:25:00.813] - eth_getBalance
[2022/04/30 20:25:00.821] - eth_getBalance
[2022/04/30 20:25:00.829] - eth_getBalance
[2022/04/30 20:25:00.838] - eth_getBalance
[2022/04/30 20:25:00.848] - eth_getBalance
[2022/04/30 20:25:00.856] - eth_getBalance
[2022/04/30 20:25:00.864] - eth_getBalance
[2022/04/30 20:25:00.872] - eth_getBalance
[2022/04/30 20:25:00.880] - eth_getBalance
[2022/04/30 20:25:00.889] - eth_getBalance
[2022/04/30 20:25:00.897] - eth_getBalance
[2022/04/30 20:25:00.905] - eth_getBalance
[2022/04/30 20:25:00.914] - eth_getBalance
[2022/04/30 20:25:00.922] - eth_getBalance
[2022/04/30 20:25:00.930] - eth_getBalance
[2022/04/30 20:25:00.939] - eth_getBalance
[2022/04/30 20:25:00.947] - eth_getBalance
[2022/04/30 20:25:00.955] - eth_getBalance
[2022/04/30 20:25:00.963] - eth_getBalance
[2022/04/30 20:25:00.971] - eth_getBalance
[2022/04/30 20:25:00.979] - eth_getBalance
[2022/04/30 20:25:00.986] - eth_getBalance
[2022/04/30 20:25:00.994] - eth_getBalance
[2022/04/30 20:25:01.003] - eth_getBalance
[2022/04/30 20:25:01.011] - eth_getBalance
[2022/04/30 20:25:01.019] - eth_getBalance
[2022/04/30 20:25:01.027] - eth_getBalance
[2022/04/30 20:25:01.036] - eth_getBalance
[2022/04/30 20:25:01.043] - eth_getBalance
[2022/04/30 20:25:01.051] - eth_getBalance
[2022/04/30 20:25:01.060] - net_version
[2022/04/30 20:25:01.067] - eth_getBalance
[2022/04/30 20:25:01.075] - eth_getBalance
[2022/04/30 20:25:01.083] - eth_getBalance
[2022/04/30 20:25:01.091] - eth_getBalance
[2022/04/30 20:25:01.099] - eth_getBalance
[2022/04/30 20:25:01.106] - eth_getBalance
[2022/04/30 20:25:01.115] - eth_getBalance
[2022/04/30 20:25:01.122] - eth_getBalance
[2022/04/30 20:25:01.130] - eth_getBalance
[2022/04/30 20:25:01.139] - eth_getBalance
[2022/04/30 20:25:01.152] - eth_getBalance
[2022/04/30 20:25:01.163] - eth_getBalance
[2022/04/30 20:25:01.173] - eth_getBalance
[2022/04/30 20:25:01.182] - eth_getBalance
[2022/04/30 20:25:01.191] - eth_getBalance
[2022/04/30 20:25:01.201] - eth_getBalance
[2022/04/30 20:25:01.210] - eth_getBalance
[2022/04/30 20:25:01.219] - eth_getBalance
[2022/04/30 20:25:01.229] - eth_getBalance
[2022/04/30 20:25:01.238] - eth_getBalance
[2022/04/30 20:25:01.246] - eth_getBalance
[2022/04/30 20:25:01.254] - eth_getBalance
[2022/04/30 20:25:01.263] - eth_getBalance
[2022/04/30 20:25:01.272] - eth_getBalance
[2022/04/30 20:25:01.281] - eth_getBalance
[2022/04/30 20:25:01.289] - eth_getBalance
[2022/04/30 20:25:01.298] - eth_getBalance
[2022/04/30 20:25:01.308] - eth_getBalance
[2022/04/30 20:25:01.316] - eth_getBalance
[2022/04/30 20:25:01.326] - eth_getBalance
[2022/04/30 20:25:01.334] - eth_getBalance
[2022/04/30 20:25:01.343] - eth_getBalance
[2022/04/30 20:25:01.351] - eth_getBalance
[2022/04/30 20:25:01.361] - eth_getBalance
[2022/04/30 20:25:01.369] - eth_getBalance
[2022/04/30 20:25:01.380] - eth_getBalance
[2022/04/30 20:25:01.388] - eth_getBalance
[2022/04/30 20:25:01.399] - eth_getBalance
[2022/04/30 20:25:01.407] - eth_getBalance
[2022/04/30 20:25:01.416] - eth_getBalance
[2022/04/30 20:25:01.424] - eth_getBalance
[2022/04/30 20:25:01.434] - eth_getBalance
[2022/04/30 20:25:01.442] - eth_getBlockByNumber
[2022/04/30 20:25:01.468] - eth_gasPrice
[2022/04/30 20:25:01.476] - eth_getBalance
[2022/04/30 20:25:01.485] - eth_getBalance
[2022/04/30 20:25:01.494] - eth_getBalance
[2022/04/30 20:25:01.503] - eth_getBlockByNumber
[2022/04/30 20:25:01.512] - net_version
[2022/04/30 20:25:01.520] - eth_accounts
[2022/04/30 20:25:01.529] - eth_sendTransaction
[2022/04/30 20:25:01.541] - net_version
[2022/04/30 20:25:01.550] - eth_getBalance
[2022/04/30 20:25:01.558] - eth_getBalance
[2022/04/30 20:25:01.567] - eth_getBalance
[2022/04/30 20:25:02.106] - net_version
[2022/04/30 20:25:02.156] - eth_accounts
[2022/04/30 20:25:02.166] - eth_getBalance
[2022/04/30 20:25:02.174] - eth_getBalance
[2022/04/30 20:25:02.184] - eth_getBalance
[2022/04/30 20:25:03.052] - eth_unsubscribe
[2022/04/30 20:25:03.053] - eth_unsubscribe
