[2022/04/30 22:08:51.664] - Starting server with initial configuration: {"gasLimit":6721975,"gasPrice":20000000000,"hardfork":"muirGlacier","hostname":"127.0.0.1","port":8545,"network_id":5777,"default_balance_ether":10000,"total_accounts":3,"unlocked_accounts":[],"locked":false,"vmErrorsOnRPCResponse":true,"verbose":false,"db_path":"/home/secondport/.config/Ganache/workspaces/Test/chaindata","logDirectory":"/home/secondport/Documents/DApps/Logs"}
[2022/04/30 22:08:51.734] - eth_subscribe
[2022/04/30 22:08:51.735] - eth_getLogs
[2022/04/30 22:08:51.736] - eth_subscribe
[2022/04/30 22:08:51.747] - eth_subscribe
[2022/04/30 22:08:51.747] - eth_getLogs
[2022/04/30 22:08:51.747] - eth_subscribe
[2022/04/30 22:08:51.812] - eth_blockNumber
[2022/04/30 22:08:51.813] - eth_accounts
[2022/04/30 22:08:51.813] - eth_gasPrice
[2022/04/30 22:08:51.813] - eth_getBlockByNumber
[2022/04/30 22:08:51.813] - eth_subscribe
[2022/04/30 22:08:51.825] - eth_accounts
[2022/04/30 22:08:51.859] - eth_getBalance
[2022/04/30 22:08:51.862] - eth_getTransactionCount
[2022/04/30 22:08:51.865] - eth_getBalance
[2022/04/30 22:08:51.866] - eth_getTransactionCount
[2022/04/30 22:08:51.868] - eth_getBalance
[2022/04/30 22:08:51.869] - eth_getTransactionCount
[2022/04/30 22:08:51.871] - eth_getBalance
[2022/04/30 22:08:51.873] - eth_getTransactionCount
[2022/04/30 22:08:51.873] - eth_getBalance
[2022/04/30 22:08:51.874] - eth_getTransactionCount
[2022/04/30 22:08:51.876] - eth_getBalance
[2022/04/30 22:08:51.877] - eth_getTransactionCount
[2022/04/30 22:08:51.878] - eth_blockNumber
[2022/04/30 22:08:51.879] - eth_accounts
[2022/04/30 22:08:51.879] - eth_gasPrice
[2022/04/30 22:08:51.879] - eth_getBlockByNumber
[2022/04/30 22:08:51.880] - eth_subscribe
[2022/04/30 22:08:51.957] - eth_getBalance
[2022/04/30 22:08:51.958] - eth_getTransactionCount
[2022/04/30 22:08:51.959] - eth_getBalance
[2022/04/30 22:08:51.961] - eth_getTransactionCount
[2022/04/30 22:08:51.962] - eth_getBalance
[2022/04/30 22:08:51.964] - eth_getTransactionCount
[2022/04/30 22:08:51.974] - eth_getBalance
[2022/04/30 22:08:51.975] - eth_getTransactionCount
[2022/04/30 22:08:51.976] - eth_getBalance
[2022/04/30 22:08:51.977] - eth_getTransactionCount
[2022/04/30 22:08:51.979] - eth_getBalance
[2022/04/30 22:08:51.981] - eth_getTransactionCount
[2022/04/30 22:09:00.698] - eth_blockNumber
[2022/04/30 22:09:00.712] - net_version
[2022/04/30 22:09:00.718] - eth_accounts
[2022/04/30 22:09:00.739] - eth_getBlockByNumber
[2022/04/30 22:09:00.761] - eth_getCode
[2022/04/30 22:09:00.862] - eth_getBlockByNumber
[2022/04/30 22:09:00.876] - eth_call
[2022/04/30 22:09:00.951] - eth_getBlockByNumber
[2022/04/30 22:09:00.956] - eth_getCode
[2022/04/30 22:09:00.970] - eth_getBlockByNumber
[2022/04/30 22:09:00.975] - eth_call
[2022/04/30 22:09:01.003] - eth_getBlockByNumber
[2022/04/30 22:09:01.008] - eth_accounts
[2022/04/30 22:09:14.115] - eth_blockNumber
[2022/04/30 22:09:14.126] - net_version
[2022/04/30 22:09:14.133] - eth_accounts
[2022/04/30 22:09:14.183] - eth_getBlockByNumber
[2022/04/30 22:09:14.206] - eth_getCode
[2022/04/30 22:09:14.287] - eth_getBlockByNumber
[2022/04/30 22:09:14.296] - eth_call
[2022/04/30 22:09:14.346] - eth_getBlockByNumber
[2022/04/30 22:09:14.353] - eth_getCode
[2022/04/30 22:09:14.372] - eth_getBlockByNumber
[2022/04/30 22:09:14.378] - eth_call
[2022/04/30 22:09:14.410] - eth_getBlockByNumber
[2022/04/30 22:09:14.422] - eth_accounts
[2022/04/30 22:10:44.426] - eth_blockNumber
[2022/04/30 22:10:44.436] - net_version
[2022/04/30 22:10:44.441] - eth_accounts
[2022/04/30 22:10:44.522] - eth_getBlockByNumber
[2022/04/30 22:10:44.540] - eth_accounts
[2022/04/30 22:10:44.617] - net_version
[2022/04/30 22:10:44.626] - eth_getBlockByNumber
[2022/04/30 22:10:44.644] - eth_getBlockByNumber
[2022/04/30 22:10:44.658] - net_version
[2022/04/30 22:10:44.664] - eth_getBlockByNumber
[2022/04/30 22:10:44.684] - eth_estimateGas
[2022/04/30 22:10:44.848] - net_version
[2022/04/30 22:10:44.849] - eth_blockNumber
[2022/04/30 22:10:44.854] - eth_getBlockByNumber
[2022/04/30 22:10:44.864] - eth_getBlockByNumber
[2022/04/30 22:10:44.864] - eth_gasPrice
[2022/04/30 22:10:44.871] - eth_sendTransaction
[2022/04/30 22:10:44.941] - 
[2022/04/30 22:10:44.941] -   Transaction: 0x0590748356a06770854e05126e5732fd4bd8d7e0b92b7fb10063368d9cac93d0
[2022/04/30 22:10:44.941] -   Contract created: 0x8845e0ad4b336bbfa105eba4e6e51e9cb26f9369
[2022/04/30 22:10:44.941] -   Gas usage: 248854
[2022/04/30 22:10:44.941] -   Block Number: 22
[2022/04/30 22:10:44.948] -   Block Time: Sat Apr 30 2022 22:10:44 GMT-0300 (Argentina Standard Time)
[2022/04/30 22:10:44.948] - 
[2022/04/30 22:10:44.950] - eth_getBlockByNumber
[2022/04/30 22:10:44.951] - eth_getBalance
[2022/04/30 22:10:44.951] - eth_getTransactionCount
[2022/04/30 22:10:44.955] - eth_getBalance
[2022/04/30 22:10:44.956] - eth_getTransactionReceipt
[2022/04/30 22:10:44.971] - eth_getTransactionCount
[2022/04/30 22:10:44.971] - eth_getBalance
[2022/04/30 22:10:44.971] - eth_getTransactionCount
[2022/04/30 22:10:44.987] - eth_getCode
[2022/04/30 22:10:45.012] - eth_getTransactionByHash
[2022/04/30 22:10:45.038] - eth_getBlockByNumber
[2022/04/30 22:10:45.052] - eth_getBalance
[2022/04/30 22:10:45.082] - eth_getBlockByNumber
[2022/04/30 22:10:45.091] - eth_getBlockByNumber
[2022/04/30 22:10:45.102] - eth_getBlockByNumber
[2022/04/30 22:10:45.102] - eth_gasPrice
[2022/04/30 22:10:45.107] - eth_sendTransaction
[2022/04/30 22:10:45.173] - 
[2022/04/30 22:10:45.173] -   Transaction: 0x8a8943ee6642fae971ec06c579395363a82479ad97a6f6efbc52db61ac041729
[2022/04/30 22:10:45.173] -   Gas usage: 42513
[2022/04/30 22:10:45.173] -   Block Number: 23
[2022/04/30 22:10:45.173] -   Block Time: Sat Apr 30 2022 22:10:45 GMT-0300 (Argentina Standard Time)
[2022/04/30 22:10:45.173] - 
[2022/04/30 22:10:45.177] - eth_getBlockByNumber
[2022/04/30 22:10:45.178] - eth_getBalance
[2022/04/30 22:10:45.178] - eth_getTransactionReceipt
[2022/04/30 22:10:45.180] - eth_getTransactionCount
[2022/04/30 22:10:45.183] - eth_getBalance
[2022/04/30 22:10:45.193] - eth_getTransactionCount
[2022/04/30 22:10:45.193] - eth_getBalance
[2022/04/30 22:10:45.198] - eth_getTransactionCount
[2022/04/30 22:10:45.211] - eth_getBlockByNumber
[2022/04/30 22:10:45.252] - eth_accounts
[2022/04/30 22:11:47.251] - eth_blockNumber
[2022/04/30 22:11:47.268] - net_version
[2022/04/30 22:11:47.278] - eth_accounts
[2022/04/30 22:11:47.300] - eth_getBlockByNumber
[2022/04/30 22:11:47.322] - eth_getCode
[2022/04/30 22:11:47.466] - eth_getBlockByNumber
[2022/04/30 22:11:47.480] - eth_call
[2022/04/30 22:11:47.518] - eth_getBlockByNumber
[2022/04/30 22:11:47.524] - eth_getCode
[2022/04/30 22:11:47.539] - eth_getBlockByNumber
[2022/04/30 22:11:47.545] - eth_call
[2022/04/30 22:11:47.566] - eth_getBlockByNumber
[2022/04/30 22:11:47.572] - eth_accounts
[2022/04/30 22:14:28.559] - eth_blockNumber
[2022/04/30 22:14:28.578] - net_version
[2022/04/30 22:14:28.591] - eth_accounts
[2022/04/30 22:14:28.632] - eth_getBlockByNumber
[2022/04/30 22:14:28.642] - eth_accounts
[2022/04/30 22:14:28.678] - net_version
[2022/04/30 22:14:28.683] - eth_getBlockByNumber
[2022/04/30 22:14:28.694] - eth_getBlockByNumber
[2022/04/30 22:14:28.703] - net_version
[2022/04/30 22:14:28.711] - eth_getBlockByNumber
[2022/04/30 22:14:28.727] - eth_estimateGas
[2022/04/30 22:14:28.909] - net_version
[2022/04/30 22:14:28.909] - eth_blockNumber
[2022/04/30 22:14:28.915] - eth_getBlockByNumber
[2022/04/30 22:14:28.925] - eth_getBlockByNumber
[2022/04/30 22:14:28.931] - eth_gasPrice
[2022/04/30 22:14:28.935] - eth_sendTransaction
[2022/04/30 22:14:28.970] - 
[2022/04/30 22:14:28.970] -   Transaction: 0x398d1c00da4ddd48da11155c2254dda5bff043c4bcef628ff7f05bba79ae62c4
[2022/04/30 22:14:28.970] -   Contract created: 0x2c227e2a10fb9f64ade974063b7f591fa1c09358
[2022/04/30 22:14:28.971] -   Gas usage: 186963
[2022/04/30 22:14:28.971] -   Block Number: 24
[2022/04/30 22:14:28.971] -   Block Time: Sat Apr 30 2022 22:14:28 GMT-0300 (Argentina Standard Time)
[2022/04/30 22:14:28.971] - 
[2022/04/30 22:14:28.973] - eth_getBlockByNumber
[2022/04/30 22:14:28.974] - eth_getBalance
[2022/04/30 22:14:28.977] - eth_getTransactionCount
[2022/04/30 22:14:28.977] - eth_getTransactionReceipt
[2022/04/30 22:14:28.980] - eth_getBalance
[2022/04/30 22:14:28.986] - eth_getTransactionCount
[2022/04/30 22:14:28.986] - eth_getBalance
[2022/04/30 22:14:28.987] - eth_getTransactionCount
[2022/04/30 22:14:29.005] - eth_getCode
[2022/04/30 22:14:29.058] - eth_getTransactionByHash
[2022/04/30 22:14:29.066] - eth_getBlockByNumber
[2022/04/30 22:14:29.076] - eth_getBalance
[2022/04/30 22:14:29.088] - eth_getBlockByNumber
[2022/04/30 22:14:29.097] - eth_getBlockByNumber
[2022/04/30 22:14:29.111] - eth_getBlockByNumber
[2022/04/30 22:14:29.112] - eth_gasPrice
[2022/04/30 22:14:29.129] - eth_sendTransaction
[2022/04/30 22:14:29.173] - 
[2022/04/30 22:14:29.173] -   Transaction: 0x28ee4a5e9978e413e8e061099661b59a73b83362136fc194904006f72957ac01
[2022/04/30 22:14:29.174] -   Gas usage: 42335
[2022/04/30 22:14:29.174] -   Block Number: 25
[2022/04/30 22:14:29.174] -   Block Time: Sat Apr 30 2022 22:14:29 GMT-0300 (Argentina Standard Time)
[2022/04/30 22:14:29.174] - 
[2022/04/30 22:14:29.175] - eth_getBlockByNumber
[2022/04/30 22:14:29.176] - eth_getBalance
[2022/04/30 22:14:29.184] - eth_getTransactionCount
[2022/04/30 22:14:29.185] - eth_getBalance
[2022/04/30 22:14:29.185] - eth_getTransactionReceipt
[2022/04/30 22:14:29.185] - eth_getTransactionCount
[2022/04/30 22:14:29.187] - eth_getBalance
[2022/04/30 22:14:29.194] - eth_getTransactionCount
[2022/04/30 22:14:29.236] - eth_getBlockByNumber
[2022/04/30 22:14:29.244] - eth_accounts
[2022/04/30 22:14:53.463] - eth_blockNumber
[2022/04/30 22:14:53.477] - net_version
[2022/04/30 22:14:53.486] - eth_accounts
[2022/04/30 22:14:53.521] - eth_getBlockByNumber
[2022/04/30 22:14:53.533] - eth_accounts
[2022/04/30 22:14:53.567] - net_version
[2022/04/30 22:14:53.573] - eth_getBlockByNumber
[2022/04/30 22:14:53.580] - eth_getBlockByNumber
[2022/04/30 22:14:53.588] - net_version
[2022/04/30 22:14:53.592] - eth_getBlockByNumber
[2022/04/30 22:14:53.607] - eth_estimateGas
[2022/04/30 22:14:53.768] - net_version
[2022/04/30 22:14:53.769] - eth_blockNumber
[2022/04/30 22:14:53.772] - eth_getBlockByNumber
[2022/04/30 22:14:53.780] - eth_getBlockByNumber
[2022/04/30 22:14:53.780] - eth_gasPrice
[2022/04/30 22:14:53.788] - eth_sendTransaction
[2022/04/30 22:14:53.820] - 
[2022/04/30 22:14:53.820] -   Transaction: 0x28fff60d19350e25ec23d90a68f80106b6235b36e60bbf1426b1a1037f230f3c
[2022/04/30 22:14:53.821] -   Contract created: 0x47ec4769a9b7e5f70a36c833195d9fdde2be29b1
[2022/04/30 22:14:53.821] -   Gas usage: 186963
[2022/04/30 22:14:53.821] -   Block Number: 26
[2022/04/30 22:14:53.821] -   Block Time: Sat Apr 30 2022 22:14:53 GMT-0300 (Argentina Standard Time)
[2022/04/30 22:14:53.821] - 
[2022/04/30 22:14:53.823] - eth_getBlockByNumber
[2022/04/30 22:14:53.824] - eth_getTransactionReceipt
[2022/04/30 22:14:53.824] - eth_getBalance
[2022/04/30 22:14:53.831] - eth_getTransactionCount
[2022/04/30 22:14:53.831] - eth_getBalance
[2022/04/30 22:14:53.832] - eth_getTransactionCount
[2022/04/30 22:14:53.839] - eth_getBalance
[2022/04/30 22:14:53.844] - eth_getTransactionCount
[2022/04/30 22:14:53.845] - eth_getCode
[2022/04/30 22:14:53.872] - eth_getTransactionByHash
[2022/04/30 22:14:53.880] - eth_getBlockByNumber
[2022/04/30 22:14:53.891] - eth_getBalance
[2022/04/30 22:14:53.900] - eth_getBlockByNumber
[2022/04/30 22:14:53.907] - eth_getBlockByNumber
[2022/04/30 22:14:53.917] - eth_getBlockByNumber
[2022/04/30 22:14:53.918] - eth_gasPrice
[2022/04/30 22:14:53.923] - eth_sendTransaction
[2022/04/30 22:14:53.969] - 
[2022/04/30 22:14:53.970] -   Transaction: 0x397a0c554b92e62eeee82a9f982b8ce5b80dcd2dfde578f740e2bbc711242600
[2022/04/30 22:14:53.970] -   Gas usage: 42335
[2022/04/30 22:14:53.970] -   Block Number: 27
[2022/04/30 22:14:53.970] -   Block Time: Sat Apr 30 2022 22:14:53 GMT-0300 (Argentina Standard Time)
[2022/04/30 22:14:53.970] - 
[2022/04/30 22:14:53.972] - eth_getBlockByNumber
[2022/04/30 22:14:53.973] - eth_getBalance
[2022/04/30 22:14:53.973] - eth_getTransactionReceipt
[2022/04/30 22:14:53.977] - eth_getTransactionCount
[2022/04/30 22:14:53.977] - eth_getBalance
[2022/04/30 22:14:53.981] - eth_getTransactionCount
[2022/04/30 22:14:53.982] - eth_getBalance
[2022/04/30 22:14:53.986] - eth_getTransactionCount
[2022/04/30 22:14:54.028] - eth_getBlockByNumber
[2022/04/30 22:14:54.052] - eth_accounts
[2022/04/30 22:14:54.070] - net_version
[2022/04/30 22:14:54.073] - eth_getBlockByNumber
[2022/04/30 22:14:54.078] - eth_getBlockByNumber
[2022/04/30 22:14:54.086] - net_version
[2022/04/30 22:14:54.090] - eth_getBlockByNumber
[2022/04/30 22:14:54.097] - eth_estimateGas
[2022/04/30 22:14:54.177] - net_version
[2022/04/30 22:14:54.177] - eth_blockNumber
[2022/04/30 22:14:54.185] - eth_getBlockByNumber
[2022/04/30 22:14:54.205] - eth_getBlockByNumber
[2022/04/30 22:14:54.205] - eth_gasPrice
[2022/04/30 22:14:54.224] - eth_sendTransaction
[2022/04/30 22:14:54.265] - 
[2022/04/30 22:14:54.265] -   Transaction: 0xd307fa161f82f0305f6fbf1d021862bab90b1b8758702b9d9041f0c08ec75049
[2022/04/30 22:14:54.265] -   Contract created: 0x5515bb38e8e53e86747aece465e3b8c358f7700a
[2022/04/30 22:14:54.265] -   Gas usage: 310062
[2022/04/30 22:14:54.265] -   Block Number: 28
[2022/04/30 22:14:54.265] -   Block Time: Sat Apr 30 2022 22:14:54 GMT-0300 (Argentina Standard Time)
[2022/04/30 22:14:54.265] - 
[2022/04/30 22:14:54.269] - eth_getBlockByNumber
[2022/04/30 22:14:54.271] - eth_getBalance
[2022/04/30 22:14:54.271] - eth_getTransactionReceipt
[2022/04/30 22:14:54.274] - eth_getTransactionCount
[2022/04/30 22:14:54.275] - eth_getBalance
[2022/04/30 22:14:54.281] - eth_getTransactionCount
[2022/04/30 22:14:54.287] - eth_getBalance
[2022/04/30 22:14:54.287] - eth_getCode
[2022/04/30 22:14:54.288] - eth_getTransactionCount
[2022/04/30 22:14:54.306] - eth_getTransactionByHash
[2022/04/30 22:14:54.317] - eth_getBlockByNumber
[2022/04/30 22:14:54.328] - eth_getBalance
[2022/04/30 22:14:54.340] - eth_getBlockByNumber
[2022/04/30 22:14:54.349] - eth_getBlockByNumber
[2022/04/30 22:14:54.356] - eth_getBlockByNumber
[2022/04/30 22:14:54.357] - eth_gasPrice
[2022/04/30 22:14:54.363] - eth_sendTransaction
[2022/04/30 22:14:54.396] - 
[2022/04/30 22:14:54.398] -   Transaction: 0xaf7bc8c430741d3aa169406e2fec3dc4edfe2eb3f2114c8257e95372f4139786
[2022/04/30 22:14:54.398] -   Gas usage: 27335
[2022/04/30 22:14:54.398] -   Block Number: 29
[2022/04/30 22:14:54.398] -   Block Time: Sat Apr 30 2022 22:14:54 GMT-0300 (Argentina Standard Time)
[2022/04/30 22:14:54.398] - 
[2022/04/30 22:14:54.401] - eth_getBlockByNumber
[2022/04/30 22:14:54.402] - eth_getBalance
[2022/04/30 22:14:54.402] - eth_getTransactionCount
[2022/04/30 22:14:54.402] - eth_getTransactionReceipt
[2022/04/30 22:14:54.404] - eth_getBalance
[2022/04/30 22:14:54.405] - eth_getTransactionCount
[2022/04/30 22:14:54.407] - eth_getBalance
[2022/04/30 22:14:54.409] - eth_getTransactionCount
[2022/04/30 22:20:50.077] - eth_blockNumber
[2022/04/30 22:20:50.087] - net_version
[2022/04/30 22:20:50.092] - eth_accounts
[2022/04/30 22:20:50.130] - eth_getBlockByNumber
[2022/04/30 22:20:50.138] - eth_accounts
[2022/04/30 22:20:50.157] - net_version
[2022/04/30 22:20:50.161] - eth_getBlockByNumber
[2022/04/30 22:20:50.167] - eth_getBlockByNumber
[2022/04/30 22:20:50.173] - net_version
[2022/04/30 22:20:50.183] - eth_getBlockByNumber
[2022/04/30 22:20:50.197] - eth_estimateGas
[2022/04/30 22:20:50.357] - net_version
[2022/04/30 22:20:50.357] - eth_blockNumber
[2022/04/30 22:20:50.362] - eth_getBlockByNumber
[2022/04/30 22:20:50.369] - eth_estimateGas
[2022/04/30 22:20:50.408] - eth_getBlockByNumber
[2022/04/30 22:20:50.408] - eth_gasPrice
[2022/04/30 22:20:50.414] - eth_sendTransaction
[2022/04/30 22:20:50.441] - 
[2022/04/30 22:20:50.442] -   Transaction: 0x04dcad35fbfa2bc0121a02f576a12c4da733df5eb082db9e6908398ee4cba50f
[2022/04/30 22:20:50.442] -   Contract created: 0x5669641773543feefc1695c140f93274cc5bd9cf
[2022/04/30 22:20:50.442] -   Gas usage: 186963
[2022/04/30 22:20:50.442] -   Block Number: 30
[2022/04/30 22:20:50.442] -   Block Time: Sat Apr 30 2022 22:20:50 GMT-0300 (Argentina Standard Time)
[2022/04/30 22:20:50.442] - 
[2022/04/30 22:20:50.444] - eth_getBlockByNumber
[2022/04/30 22:20:50.445] - eth_getTransactionReceipt
[2022/04/30 22:20:50.445] - eth_getBalance
[2022/04/30 22:20:50.448] - eth_getTransactionCount
[2022/04/30 22:20:50.450] - eth_getBalance
[2022/04/30 22:20:50.453] - eth_getTransactionCount
[2022/04/30 22:20:50.458] - eth_getBalance
[2022/04/30 22:20:50.459] - eth_getTransactionCount
[2022/04/30 22:20:50.459] - eth_getCode
[2022/04/30 22:20:50.491] - eth_getTransactionByHash
[2022/04/30 22:20:50.503] - eth_getBlockByNumber
[2022/04/30 22:20:50.512] - eth_getBalance
[2022/04/30 22:20:50.526] - eth_getBlockByNumber
[2022/04/30 22:20:50.535] - eth_getBlockByNumber
[2022/04/30 22:20:50.557] - eth_estimateGas
[2022/04/30 22:20:50.631] - eth_getBlockByNumber
[2022/04/30 22:20:50.631] - eth_gasPrice
[2022/04/30 22:20:50.636] - eth_sendTransaction
[2022/04/30 22:20:50.671] - 
[2022/04/30 22:20:50.671] -   Transaction: 0x22b9767eb7eade2accd65e9f58acb3e29875fd27afaa869e55e2abc9370759d1
[2022/04/30 22:20:50.671] -   Gas usage: 42335
[2022/04/30 22:20:50.671] -   Block Number: 31
[2022/04/30 22:20:50.671] -   Block Time: Sat Apr 30 2022 22:20:50 GMT-0300 (Argentina Standard Time)
[2022/04/30 22:20:50.671] - 
[2022/04/30 22:20:50.673] - eth_getBlockByNumber
[2022/04/30 22:20:50.674] - eth_getBalance
[2022/04/30 22:20:50.674] - eth_getTransactionCount
[2022/04/30 22:20:50.675] - eth_getTransactionReceipt
[2022/04/30 22:20:50.678] - eth_getBalance
[2022/04/30 22:20:50.679] - eth_getTransactionCount
[2022/04/30 22:20:50.682] - eth_getBalance
[2022/04/30 22:20:50.692] - eth_getTransactionCount
[2022/04/30 22:20:50.701] - eth_getBlockByNumber
[2022/04/30 22:20:50.720] - eth_accounts
[2022/04/30 22:20:50.739] - net_version
[2022/04/30 22:20:50.743] - eth_getBlockByNumber
[2022/04/30 22:20:50.748] - eth_getBlockByNumber
[2022/04/30 22:20:50.758] - net_version
[2022/04/30 22:20:50.764] - eth_getBlockByNumber
[2022/04/30 22:20:50.769] - eth_estimateGas
[2022/04/30 22:20:50.832] - net_version
[2022/04/30 22:20:50.833] - eth_blockNumber
[2022/04/30 22:20:50.835] - eth_getBlockByNumber
[2022/04/30 22:20:50.841] - eth_estimateGas
[2022/04/30 22:20:50.896] - eth_getBlockByNumber
[2022/04/30 22:20:50.896] - eth_gasPrice
[2022/04/30 22:20:50.903] - eth_sendTransaction
[2022/04/30 22:20:50.963] - 
[2022/04/30 22:20:50.963] -   Transaction: 0x745745e3f7b6b7de9d1534bb9f1779ad067de1f810b45f8f267b1e2a80fb3202
[2022/04/30 22:20:50.963] -   Contract created: 0x479180cc69cab31b533a2dd33bfbe8173b47d196
[2022/04/30 22:20:50.964] -   Gas usage: 310062
[2022/04/30 22:20:50.964] -   Block Number: 32
[2022/04/30 22:20:50.964] -   Block Time: Sat Apr 30 2022 22:20:50 GMT-0300 (Argentina Standard Time)
[2022/04/30 22:20:50.964] - 
[2022/04/30 22:20:50.966] - eth_getBlockByNumber
[2022/04/30 22:20:50.966] - eth_getBalance
[2022/04/30 22:20:50.967] - eth_getTransactionCount
[2022/04/30 22:20:50.970] - eth_getTransactionReceipt
[2022/04/30 22:20:50.971] - eth_getBalance
[2022/04/30 22:20:50.971] - eth_getTransactionCount
[2022/04/30 22:20:50.983] - eth_getCode
[2022/04/30 22:20:50.985] - eth_getBalance
[2022/04/30 22:20:50.995] - eth_getTransactionCount
[2022/04/30 22:20:51.000] - eth_getTransactionByHash
[2022/04/30 22:20:51.011] - eth_getBlockByNumber
[2022/04/30 22:20:51.017] - eth_getBalance
[2022/04/30 22:20:51.041] - eth_getBlockByNumber
[2022/04/30 22:20:51.058] - eth_getBlockByNumber
[2022/04/30 22:20:51.065] - eth_estimateGas
[2022/04/30 22:20:51.111] - eth_getBlockByNumber
[2022/04/30 22:20:51.111] - eth_gasPrice
[2022/04/30 22:20:51.123] - eth_sendTransaction
[2022/04/30 22:20:51.210] - 
[2022/04/30 22:20:51.210] -   Transaction: 0xe524ec9b43a0164cf88f7e0636319433675316df0c94ebb7e8141a97a08d0024
[2022/04/30 22:20:51.210] -   Gas usage: 27335
[2022/04/30 22:20:51.210] -   Block Number: 33
[2022/04/30 22:20:51.210] -   Block Time: Sat Apr 30 2022 22:20:51 GMT-0300 (Argentina Standard Time)
[2022/04/30 22:20:51.210] - 
[2022/04/30 22:20:51.212] - eth_getBlockByNumber
[2022/04/30 22:20:51.229] - eth_getBalance
[2022/04/30 22:20:51.230] - eth_getTransactionCount
[2022/04/30 22:20:51.230] - eth_getTransactionReceipt
[2022/04/30 22:20:51.230] - eth_getBalance
[2022/04/30 22:20:51.234] - eth_getTransactionCount
[2022/04/30 22:20:51.234] - eth_getBalance
[2022/04/30 22:20:51.236] - eth_getTransactionCount
[2022/04/30 22:21:03.291] - eth_getBlockByNumber
[2022/04/30 22:21:03.305] - eth_getTransactionReceipt
[2022/04/30 22:21:03.317] - eth_getBlockByNumber
[2022/04/30 22:21:03.328] - eth_getTransactionReceipt
[2022/04/30 22:21:03.338] - eth_getBlockByNumber
[2022/04/30 22:21:03.344] - eth_getTransactionReceipt
[2022/04/30 22:21:03.353] - eth_getBlockByNumber
[2022/04/30 22:21:03.361] - eth_getTransactionReceipt
[2022/04/30 22:21:03.371] - eth_getBlockByNumber
[2022/04/30 22:21:03.376] - eth_getTransactionReceipt
[2022/04/30 22:21:03.384] - eth_getBlockByNumber
[2022/04/30 22:21:03.392] - eth_getTransactionReceipt
[2022/04/30 22:21:03.402] - eth_getBlockByNumber
[2022/04/30 22:21:03.409] - eth_getTransactionReceipt
[2022/04/30 22:21:03.418] - eth_getBlockByNumber
[2022/04/30 22:21:03.425] - eth_getTransactionReceipt
[2022/04/30 22:21:03.436] - eth_getBlockByNumber
[2022/04/30 22:21:03.444] - eth_getTransactionReceipt
[2022/04/30 22:21:03.453] - eth_getBlockByNumber
[2022/04/30 22:21:03.459] - eth_getTransactionReceipt
[2022/04/30 22:21:03.469] - eth_getBlockByNumber
[2022/04/30 22:21:03.476] - eth_getTransactionReceipt
[2022/04/30 22:21:51.494] - eth_getTransactionByHash
