[2022/05/01 17:47:24.505] - Starting server with initial configuration: {"gasLimit":6721975,"gasPrice":20000000000,"hardfork":"muirGlacier","hostname":"127.0.0.1","port":8545,"network_id":5777,"default_balance_ether":10000,"total_accounts":3,"unlocked_accounts":[],"locked":false,"vmErrorsOnRPCResponse":true,"verbose":false,"db_path":"/home/secondport/.config/Ganache/workspaces/Test/chaindata","logDirectory":"/home/secondport/Documents/DApps/Logs"}
[2022/05/01 17:47:24.559] - eth_subscribe
[2022/05/01 17:47:24.560] - eth_getLogs
[2022/05/01 17:47:24.561] - eth_subscribe
[2022/05/01 17:47:24.579] - eth_subscribe
[2022/05/01 17:47:24.580] - eth_getLogs
[2022/05/01 17:47:24.581] - eth_subscribe
[2022/05/01 17:47:24.652] - eth_blockNumber
[2022/05/01 17:47:24.652] - eth_accounts
[2022/05/01 17:47:24.653] - eth_gasPrice
[2022/05/01 17:47:24.653] - eth_getBlockByNumber
[2022/05/01 17:47:24.653] - eth_subscribe
[2022/05/01 17:47:24.665] - eth_accounts
[2022/05/01 17:47:24.696] - eth_getBalance
[2022/05/01 17:47:24.698] - eth_getTransactionCount
[2022/05/01 17:47:24.700] - eth_getBalance
[2022/05/01 17:47:24.702] - eth_getTransactionCount
[2022/05/01 17:47:24.704] - eth_getBalance
[2022/05/01 17:47:24.705] - eth_getTransactionCount
[2022/05/01 17:47:24.706] - eth_getBalance
[2022/05/01 17:47:24.707] - eth_getTransactionCount
[2022/05/01 17:47:24.709] - eth_getBalance
[2022/05/01 17:47:24.710] - eth_getTransactionCount
[2022/05/01 17:47:24.712] - eth_getBalance
[2022/05/01 17:47:24.713] - eth_getTransactionCount
[2022/05/01 17:47:24.715] - eth_blockNumber
[2022/05/01 17:47:24.716] - eth_accounts
[2022/05/01 17:47:24.716] - eth_gasPrice
[2022/05/01 17:47:24.716] - eth_getBlockByNumber
[2022/05/01 17:47:24.716] - eth_subscribe
[2022/05/01 17:47:24.792] - eth_getBalance
[2022/05/01 17:47:24.793] - eth_getTransactionCount
[2022/05/01 17:47:24.795] - eth_getBalance
[2022/05/01 17:47:24.797] - eth_getTransactionCount
[2022/05/01 17:47:24.798] - eth_getBalance
[2022/05/01 17:47:24.800] - eth_getTransactionCount
[2022/05/01 17:47:24.813] - eth_getBalance
[2022/05/01 17:47:24.814] - eth_getTransactionCount
[2022/05/01 17:47:24.816] - eth_getBalance
[2022/05/01 17:47:24.817] - eth_getTransactionCount
[2022/05/01 17:47:24.819] - eth_getBalance
[2022/05/01 17:47:24.820] - eth_getTransactionCount
[2022/05/01 18:03:21.533] - eth_unsubscribe
[2022/05/01 18:03:21.544] - eth_unsubscribe
