[2022/04/30 20:23:21.616] - Starting server with initial configuration: {"gasLimit":6721975,"gasPrice":20000000000,"hardfork":"muirGlacier","hostname":"127.0.0.1","port":8545,"network_id":5777,"default_balance_ether":10000,"total_accounts":3,"unlocked_accounts":[],"locked":false,"vmErrorsOnRPCResponse":true,"verbose":false,"db_path":"/home/secondport/.config/Ganache/workspaces/successful-cake/chaindata","logDirectory":"/home/secondport/Documents/DApps/Logs"}
[2022/04/30 20:23:21.644] - eth_subscribe
[2022/04/30 20:23:21.645] - eth_getLogs
[2022/04/30 20:23:21.645] - eth_subscribe
[2022/04/30 20:23:21.652] - eth_subscribe
[2022/04/30 20:23:21.652] - eth_getLogs
[2022/04/30 20:23:21.652] - eth_subscribe
[2022/04/30 20:23:21.668] - eth_blockNumber
[2022/04/30 20:23:21.669] - eth_accounts
[2022/04/30 20:23:21.669] - eth_gasPrice
[2022/04/30 20:23:21.669] - eth_getBlockByNumber
[2022/04/30 20:23:21.669] - eth_getBlockByNumber
[2022/04/30 20:23:21.669] - eth_subscribe
[2022/04/30 20:23:21.669] - eth_subscribe
[2022/04/30 20:23:21.673] - eth_accounts
[2022/04/30 20:23:21.685] - eth_getBalance
[2022/04/30 20:23:21.685] - eth_getTransactionCount
[2022/04/30 20:23:21.685] - eth_getBalance
[2022/04/30 20:23:21.685] - eth_getTransactionCount
[2022/04/30 20:23:21.685] - eth_getBalance
[2022/04/30 20:23:21.686] - eth_getTransactionCount
[2022/04/30 20:23:21.691] - eth_blockNumber
[2022/04/30 20:23:21.692] - eth_accounts
[2022/04/30 20:23:21.692] - eth_gasPrice
[2022/04/30 20:23:21.699] - eth_getBalance
[2022/04/30 20:23:21.699] - eth_getTransactionCount
[2022/04/30 20:23:21.699] - eth_getBalance
[2022/04/30 20:23:21.701] - eth_getTransactionCount
[2022/04/30 20:23:21.702] - eth_getBalance
[2022/04/30 20:23:21.702] - eth_getTransactionCount
[2022/04/30 20:23:21.728] - eth_getBalance
[2022/04/30 20:23:21.729] - eth_getTransactionCount
[2022/04/30 20:23:21.730] - eth_getBalance
[2022/04/30 20:23:21.733] - eth_getTransactionCount
[2022/04/30 20:23:21.733] - eth_getBalance
[2022/04/30 20:23:21.733] - eth_getTransactionCount
[2022/04/30 20:23:21.733] - eth_getBalance
[2022/04/30 20:23:21.735] - eth_getTransactionCount
[2022/04/30 20:23:21.736] - eth_getBalance
[2022/04/30 20:23:21.738] - eth_getTransactionCount
[2022/04/30 20:23:21.739] - eth_getBalance
[2022/04/30 20:23:21.740] - eth_getTransactionCount
[2022/04/30 20:23:30.490] - eth_chainId
[2022/04/30 20:23:30.499] - net_listening
[2022/04/30 20:23:30.612] - eth_getBlockByNumber
[2022/04/30 20:23:30.627] - net_version
[2022/04/30 20:23:30.727] - eth_getBlockByNumber
[2022/04/30 20:23:30.736] - net_version
[2022/04/30 20:23:31.108] - net_version
[2022/04/30 20:23:31.157] - eth_accounts
[2022/04/30 20:23:31.170] - eth_getBalance
[2022/04/30 20:23:31.179] - eth_getBalance
[2022/04/30 20:23:31.187] - eth_getBalance
[2022/04/30 20:23:32.118] - net_version
[2022/04/30 20:23:32.156] - eth_accounts
[2022/04/30 20:23:32.165] - eth_getBalance
[2022/04/30 20:23:32.173] - eth_getBalance
[2022/04/30 20:23:32.181] - eth_getBalance
[2022/04/30 20:23:33.106] - net_version
[2022/04/30 20:23:33.172] - eth_accounts
[2022/04/30 20:23:33.182] - eth_getBalance
[2022/04/30 20:23:33.191] - eth_getBalance
[2022/04/30 20:23:33.199] - eth_getBalance
[2022/04/30 20:23:34.106] - net_version
[2022/04/30 20:23:34.156] - eth_accounts
[2022/04/30 20:23:34.165] - eth_getBalance
[2022/04/30 20:23:34.173] - eth_getBalance
[2022/04/30 20:23:34.183] - eth_getBalance
[2022/04/30 20:23:34.868] - net_version
[2022/04/30 20:23:35.026] - eth_accounts
[2022/04/30 20:23:35.059] - eth_estimateGas
[2022/04/30 20:23:35.137] - net_version
[2022/04/30 20:23:35.156] - net_version
[2022/04/30 20:23:35.183] - eth_accounts
[2022/04/30 20:23:35.201] - eth_getBlockByNumber
[2022/04/30 20:23:35.224] - eth_gasPrice
[2022/04/30 20:23:35.240] - eth_getBalance
[2022/04/30 20:23:35.256] - eth_getBalance
[2022/04/30 20:23:35.270] - eth_getBalance
[2022/04/30 20:23:35.298] - eth_sendTransaction
[2022/04/30 20:23:35.341] - 
[2022/04/30 20:23:35.341] -   Transaction: 0xebd95ddc37b76e49090791263bdae02964dfbc71105f64e69208433b6268c412
[2022/04/30 20:23:35.341] -   Contract created: 0x82698d61c1bd8bc7e2889eebaf1ca6fd8893efdc
[2022/04/30 20:23:35.341] -   Gas usage: 287251
[2022/04/30 20:23:35.342] -   Block Number: 1
[2022/04/30 20:23:35.346] -   Block Time: Sat Apr 30 2022 20:23:35 GMT-0300 (Argentina Standard Time)
[2022/04/30 20:23:35.346] - 
[2022/04/30 20:23:35.347] - eth_getBlockByNumber
[2022/04/30 20:23:35.347] - eth_getBalance
[2022/04/30 20:23:35.351] - eth_getTransactionCount
[2022/04/30 20:23:35.353] - eth_getBalance
[2022/04/30 20:23:35.354] - eth_getTransactionCount
[2022/04/30 20:23:35.355] - eth_getBalance
[2022/04/30 20:23:35.357] - eth_getTransactionCount
[2022/04/30 20:23:35.371] - net_version
[2022/04/30 20:23:35.396] - eth_getTransactionReceipt
[2022/04/30 20:23:35.423] - eth_getTransactionReceipt
[2022/04/30 20:23:35.440] - eth_getTransactionByHash
[2022/04/30 20:23:35.463] - eth_getCode
[2022/04/30 20:23:35.538] - eth_getTransactionByHash
[2022/04/30 20:23:35.565] - eth_getBalance
[2022/04/30 20:23:35.588] - eth_getBalance
[2022/04/30 20:23:35.610] - eth_getBalance
[2022/04/30 20:23:35.633] - eth_getTransactionReceipt
[2022/04/30 20:23:36.107] - net_version
[2022/04/30 20:23:36.156] - eth_accounts
[2022/04/30 20:23:36.164] - eth_getBalance
[2022/04/30 20:23:36.173] - eth_getBalance
[2022/04/30 20:23:36.182] - eth_getBalance
[2022/04/30 20:23:37.108] - net_version
[2022/04/30 20:23:37.162] - eth_accounts
[2022/04/30 20:23:37.170] - eth_getBalance
[2022/04/30 20:23:37.178] - eth_getBalance
[2022/04/30 20:23:37.186] - eth_getBalance
[2022/04/30 20:23:38.106] - net_version
[2022/04/30 20:23:38.157] - eth_accounts
[2022/04/30 20:23:38.165] - eth_getBalance
[2022/04/30 20:23:38.174] - eth_getBalance
[2022/04/30 20:23:38.182] - eth_getBalance
[2022/04/30 20:23:38.695] - eth_accounts
[2022/04/30 20:23:38.704] - eth_estimateGas
[2022/04/30 20:23:52.640] - eth_getBlockByNumber
[2022/04/30 20:23:57.807] - eth_getBlockByNumber
[2022/04/30 20:24:09.771] - eth_getTransactionReceipt
[2022/04/30 20:24:09.772] - net_version
[2022/04/30 20:24:09.775] - eth_getBlockTransactionCountByHash
[2022/04/30 20:24:09.781] - eth_getBlockByNumber
[2022/04/30 20:24:09.785] - eth_accounts
[2022/04/30 20:24:09.785] - eth_getBlockByNumber
[2022/04/30 20:24:09.793] - net_version
[2022/04/30 20:24:09.794] - eth_getBlockTransactionCountByHash
[2022/04/30 20:24:09.802] - eth_accounts
[2022/04/30 20:24:09.810] - net_version
[2022/04/30 20:24:09.819] - eth_accounts
[2022/04/30 20:24:09.826] - net_version
[2022/04/30 20:24:09.834] - eth_accounts
[2022/04/30 20:24:09.841] - net_version
[2022/04/30 20:24:09.849] - eth_accounts
[2022/04/30 20:24:09.857] - net_version
[2022/04/30 20:24:09.865] - eth_accounts
[2022/04/30 20:24:09.873] - net_version
[2022/04/30 20:24:09.882] - eth_accounts
[2022/04/30 20:24:09.890] - eth_getBlockByNumber
[2022/04/30 20:24:09.898] - net_version
[2022/04/30 20:24:09.990] - eth_accounts
[2022/04/30 20:24:09.999] - net_version
[2022/04/30 20:24:10.014] - eth_accounts
[2022/04/30 20:24:10.022] - net_version
[2022/04/30 20:24:10.030] - eth_accounts
[2022/04/30 20:24:10.038] - net_version
[2022/04/30 20:24:10.047] - eth_accounts
[2022/04/30 20:24:10.054] - net_version
[2022/04/30 20:24:10.062] - eth_accounts
[2022/04/30 20:24:10.070] - net_version
[2022/04/30 20:24:10.078] - eth_accounts
[2022/04/30 20:24:10.086] - net_version
[2022/04/30 20:24:10.094] - eth_accounts
[2022/04/30 20:24:10.102] - net_version
[2022/04/30 20:24:10.111] - eth_accounts
[2022/04/30 20:24:10.119] - net_version
[2022/04/30 20:24:10.129] - eth_accounts
[2022/04/30 20:24:10.137] - net_version
[2022/04/30 20:24:10.146] - eth_accounts
[2022/04/30 20:24:10.154] - net_version
[2022/04/30 20:24:10.163] - eth_accounts
[2022/04/30 20:24:10.173] - net_version
[2022/04/30 20:24:10.182] - eth_accounts
[2022/04/30 20:24:10.190] - net_version
[2022/04/30 20:24:10.201] - eth_accounts
[2022/04/30 20:24:10.209] - net_version
[2022/04/30 20:24:10.218] - eth_accounts
[2022/04/30 20:24:10.226] - net_version
[2022/04/30 20:24:10.235] - eth_accounts
[2022/04/30 20:24:10.244] - eth_getBlockByNumber
[2022/04/30 20:24:10.253] - net_version
[2022/04/30 20:24:10.263] - eth_accounts
[2022/04/30 20:24:10.271] - net_version
[2022/04/30 20:24:10.280] - eth_accounts
[2022/04/30 20:24:10.289] - net_version
[2022/04/30 20:24:10.298] - eth_accounts
[2022/04/30 20:24:10.305] - net_version
[2022/04/30 20:24:10.313] - eth_accounts
[2022/04/30 20:24:10.322] - net_version
[2022/04/30 20:24:10.332] - eth_accounts
[2022/04/30 20:24:10.340] - net_version
[2022/04/30 20:24:10.349] - eth_accounts
[2022/04/30 20:24:10.356] - net_version
[2022/04/30 20:24:10.365] - eth_accounts
[2022/04/30 20:24:10.375] - net_version
[2022/04/30 20:24:10.385] - eth_accounts
[2022/04/30 20:24:10.392] - net_version
[2022/04/30 20:24:10.401] - eth_accounts
[2022/04/30 20:24:10.409] - net_version
[2022/04/30 20:24:10.417] - eth_getBalance
[2022/04/30 20:24:10.425] - eth_getBalance
[2022/04/30 20:24:10.435] - eth_getBalance
[2022/04/30 20:24:10.445] - eth_getBalance
[2022/04/30 20:24:10.453] - eth_getBalance
[2022/04/30 20:24:10.463] - eth_getBalance
[2022/04/30 20:24:10.471] - eth_getBalance
[2022/04/30 20:24:10.481] - eth_getBalance
[2022/04/30 20:24:10.488] - eth_getBalance
[2022/04/30 20:24:10.498] - eth_getBalance
[2022/04/30 20:24:10.505] - eth_getBalance
[2022/04/30 20:24:10.515] - eth_getBalance
[2022/04/30 20:24:10.523] - eth_getBalance
[2022/04/30 20:24:10.533] - eth_getBalance
[2022/04/30 20:24:10.541] - eth_getBalance
[2022/04/30 20:24:10.551] - eth_getBalance
[2022/04/30 20:24:10.559] - eth_getBalance
[2022/04/30 20:24:10.568] - eth_getBalance
[2022/04/30 20:24:10.578] - eth_getBalance
[2022/04/30 20:24:10.586] - eth_getBalance
[2022/04/30 20:24:10.603] - eth_getBalance
[2022/04/30 20:24:10.612] - net_version
[2022/04/30 20:24:10.620] - eth_getBalance
[2022/04/30 20:24:10.629] - eth_getBalance
[2022/04/30 20:24:10.637] - eth_getBalance
[2022/04/30 20:24:10.648] - eth_getBalance
[2022/04/30 20:24:10.656] - eth_getBalance
[2022/04/30 20:24:10.665] - eth_getBalance
[2022/04/30 20:24:10.674] - eth_getBalance
[2022/04/30 20:24:10.684] - eth_getBalance
[2022/04/30 20:24:10.692] - eth_getBalance
[2022/04/30 20:24:10.701] - eth_getBalance
[2022/04/30 20:24:10.709] - eth_getBalance
[2022/04/30 20:24:10.729] - eth_getBalance
[2022/04/30 20:24:10.746] - eth_getBalance
[2022/04/30 20:24:10.757] - eth_getBalance
[2022/04/30 20:24:10.769] - eth_getBalance
[2022/04/30 20:24:10.782] - eth_getBalance
[2022/04/30 20:24:10.796] - eth_getBalance
[2022/04/30 20:24:10.806] - eth_getBalance
[2022/04/30 20:24:10.821] - eth_getBalance
[2022/04/30 20:24:10.836] - eth_getBalance
[2022/04/30 20:24:10.848] - eth_getBalance
[2022/04/30 20:24:10.859] - net_version
[2022/04/30 20:24:10.873] - eth_getBalance
[2022/04/30 20:24:10.888] - eth_getBalance
[2022/04/30 20:24:10.901] - eth_getBalance
[2022/04/30 20:24:10.912] - eth_getBalance
[2022/04/30 20:24:10.922] - eth_getBalance
[2022/04/30 20:24:10.933] - eth_getBalance
[2022/04/30 20:24:10.948] - eth_getBalance
[2022/04/30 20:24:10.961] - eth_getBalance
[2022/04/30 20:24:10.970] - eth_getBalance
[2022/04/30 20:24:10.980] - eth_accounts
[2022/04/30 20:24:10.988] - eth_getBalance
[2022/04/30 20:24:10.997] - eth_getBalance
[2022/04/30 20:24:11.006] - eth_getBalance
[2022/04/30 20:24:11.016] - eth_getBalance
[2022/04/30 20:24:11.026] - eth_getBalance
[2022/04/30 20:24:11.035] - eth_getBalance
[2022/04/30 20:24:11.044] - eth_getBalance
[2022/04/30 20:24:11.057] - eth_getBalance
[2022/04/30 20:24:11.067] - eth_getBalance
[2022/04/30 20:24:11.075] - eth_getBalance
[2022/04/30 20:24:11.084] - eth_getBalance
[2022/04/30 20:24:11.096] - eth_getBalance
[2022/04/30 20:24:11.105] - eth_getBalance
[2022/04/30 20:24:11.114] - eth_getBalance
[2022/04/30 20:24:11.122] - eth_getBalance
[2022/04/30 20:24:11.131] - net_version
[2022/04/30 20:24:11.139] - eth_getBalance
[2022/04/30 20:24:11.148] - eth_getBalance
[2022/04/30 20:24:11.156] - eth_getBalance
[2022/04/30 20:24:11.164] - eth_getBalance
[2022/04/30 20:24:11.173] - eth_getBalance
[2022/04/30 20:24:11.183] - eth_getBalance
[2022/04/30 20:24:11.191] - eth_getBalance
[2022/04/30 20:24:11.200] - eth_getBalance
[2022/04/30 20:24:11.208] - eth_getBalance
[2022/04/30 20:24:11.219] - eth_getBalance
[2022/04/30 20:24:11.228] - eth_getBalance
[2022/04/30 20:24:11.238] - eth_getBalance
[2022/04/30 20:24:11.249] - eth_getBalance
[2022/04/30 20:24:11.265] - eth_getBalance
[2022/04/30 20:24:11.275] - eth_getBalance
[2022/04/30 20:24:11.284] - eth_getBalance
[2022/04/30 20:24:11.294] - eth_getBalance
[2022/04/30 20:24:11.302] - eth_getBalance
[2022/04/30 20:24:11.312] - eth_getBalance
[2022/04/30 20:24:11.320] - eth_getBalance
[2022/04/30 20:24:11.331] - eth_getBalance
[2022/04/30 20:24:11.340] - eth_getBalance
[2022/04/30 20:24:11.350] - eth_getBalance
[2022/04/30 20:24:11.359] - eth_getBalance
[2022/04/30 20:24:11.369] - eth_getBalance
[2022/04/30 20:24:11.378] - eth_getBalance
[2022/04/30 20:24:11.389] - eth_getBalance
[2022/04/30 20:24:11.401] - eth_getBlockByNumber
[2022/04/30 20:24:11.410] - eth_gasPrice
[2022/04/30 20:24:11.419] - eth_getBalance
[2022/04/30 20:24:11.429] - eth_getBalance
[2022/04/30 20:24:11.438] - eth_getBalance
[2022/04/30 20:24:11.448] - net_version
[2022/04/30 20:24:11.456] - eth_accounts
[2022/04/30 20:24:11.466] - eth_sendTransaction
[2022/04/30 20:24:11.488] - eth_getBalance
[2022/04/30 20:24:11.499] - eth_getBalance
[2022/04/30 20:24:11.507] - eth_getBalance
[2022/04/30 20:24:12.107] - net_version
[2022/04/30 20:24:12.156] - eth_accounts
[2022/04/30 20:24:12.165] - eth_getBalance
[2022/04/30 20:24:12.173] - eth_getBalance
[2022/04/30 20:24:12.180] - eth_getBalance
[2022/04/30 20:24:13.106] - net_version
[2022/04/30 20:24:13.156] - eth_accounts
[2022/04/30 20:24:13.165] - eth_getBalance
[2022/04/30 20:24:13.178] - eth_getBalance
[2022/04/30 20:24:13.188] - eth_getBalance
[2022/04/30 20:24:14.106] - net_version
[2022/04/30 20:24:14.156] - eth_accounts
[2022/04/30 20:24:14.165] - eth_getBalance
[2022/04/30 20:24:14.174] - eth_getBalance
[2022/04/30 20:24:14.182] - eth_getBalance
[2022/04/30 20:24:15.106] - net_version
[2022/04/30 20:24:15.156] - eth_accounts
[2022/04/30 20:24:15.166] - eth_getBalance
[2022/04/30 20:24:15.175] - eth_getBalance
[2022/04/30 20:24:15.184] - eth_getBalance
[2022/04/30 20:24:15.727] - eth_getBlockByNumber
[2022/04/30 20:24:15.737] - net_version
[2022/04/30 20:24:16.106] - net_version
[2022/04/30 20:24:16.156] - eth_accounts
[2022/04/30 20:24:16.165] - eth_getBalance
[2022/04/30 20:24:16.175] - eth_getBalance
[2022/04/30 20:24:16.184] - eth_getBalance
[2022/04/30 20:24:17.106] - net_version
[2022/04/30 20:24:17.157] - eth_accounts
[2022/04/30 20:24:17.165] - eth_getBalance
[2022/04/30 20:24:17.173] - eth_getBalance
[2022/04/30 20:24:17.181] - eth_getBalance
[2022/04/30 20:24:18.107] - net_version
[2022/04/30 20:24:18.156] - eth_accounts
[2022/04/30 20:24:18.165] - eth_getBalance
[2022/04/30 20:24:18.172] - eth_getBalance
[2022/04/30 20:24:18.180] - eth_getBalance
[2022/04/30 20:24:19.106] - net_version
[2022/04/30 20:24:19.157] - eth_accounts
[2022/04/30 20:24:19.165] - eth_getBalance
[2022/04/30 20:24:19.174] - eth_getBalance
[2022/04/30 20:24:19.181] - eth_getBalance
[2022/04/30 20:24:20.106] - net_version
[2022/04/30 20:24:20.156] - eth_accounts
[2022/04/30 20:24:20.163] - eth_getBalance
[2022/04/30 20:24:20.171] - eth_getBalance
[2022/04/30 20:24:20.179] - eth_getBalance
[2022/04/30 20:24:20.442] - eth_unsubscribe
[2022/04/30 20:24:20.443] - eth_unsubscribe
