[2022/04/30 17:58:34.778] - Starting server with initial configuration: {"gasLimit":6721975,"gasPrice":20000000000,"hardfork":"muirGlacier","hostname":"127.0.0.1","port":8545,"network_id":5777,"default_balance_ether":1000,"total_accounts":5,"unlocked_accounts":[],"locked":false,"vmErrorsOnRPCResponse":true,"verbose":false,"db_path":"/home/secondport/.config/Ganache/workspaces/Test/chaindata","logDirectory":"/home/secondport/Documents/DApps/Logs"}
[2022/04/30 17:58:34.812] - eth_subscribe
[2022/04/30 17:58:34.812] - eth_getLogs
[2022/04/30 17:58:34.813] - eth_subscribe
[2022/04/30 17:58:34.836] - eth_subscribe
[2022/04/30 17:58:34.836] - eth_getLogs
[2022/04/30 17:58:34.837] - eth_subscribe
[2022/04/30 17:58:34.860] - eth_getBlockByNumber
[2022/04/30 17:58:34.860] - eth_subscribe
[2022/04/30 17:58:34.871] - eth_blockNumber
[2022/04/30 17:58:34.871] - eth_accounts
[2022/04/30 17:58:34.871] - eth_blockNumber
[2022/04/30 17:58:34.871] - eth_gasPrice
[2022/04/30 17:58:34.872] - eth_accounts
[2022/04/30 17:58:34.872] - eth_getBlockByNumber
[2022/04/30 17:58:34.872] - eth_gasPrice
[2022/04/30 17:58:34.872] - eth_subscribe
[2022/04/30 17:58:34.876] - eth_accounts
[2022/04/30 17:58:34.885] - eth_getBalance
[2022/04/30 17:58:34.886] - eth_getTransactionCount
[2022/04/30 17:58:34.887] - eth_getBalance
[2022/04/30 17:58:34.888] - eth_getTransactionCount
[2022/04/30 17:58:34.889] - eth_getBalance
[2022/04/30 17:58:34.890] - eth_getTransactionCount
[2022/04/30 17:58:34.891] - eth_getBalance
[2022/04/30 17:58:34.892] - eth_getTransactionCount
[2022/04/30 17:58:34.892] - eth_getBalance
[2022/04/30 17:58:34.893] - eth_getTransactionCount
[2022/04/30 17:58:34.895] - eth_getBalance
[2022/04/30 17:58:34.897] - eth_getTransactionCount
[2022/04/30 17:58:34.898] - eth_getBalance
[2022/04/30 17:58:34.900] - eth_getTransactionCount
[2022/04/30 17:58:34.900] - eth_getBalance
[2022/04/30 17:58:34.901] - eth_getTransactionCount
[2022/04/30 17:58:34.902] - eth_getBalance
[2022/04/30 17:58:34.903] - eth_getTransactionCount
[2022/04/30 17:58:34.904] - eth_getBalance
[2022/04/30 17:58:34.905] - eth_getTransactionCount
[2022/04/30 17:58:34.906] - eth_getBalance
[2022/04/30 17:58:34.907] - eth_getTransactionCount
[2022/04/30 17:58:34.908] - eth_getBalance
[2022/04/30 17:58:34.909] - eth_getTransactionCount
[2022/04/30 17:58:34.909] - eth_getBalance
[2022/04/30 17:58:34.910] - eth_getTransactionCount
[2022/04/30 17:58:34.911] - eth_getBalance
[2022/04/30 17:58:34.912] - eth_getTransactionCount
[2022/04/30 17:58:34.913] - eth_getBalance
[2022/04/30 17:58:34.914] - eth_getTransactionCount
[2022/04/30 17:58:34.926] - eth_getBalance
[2022/04/30 17:58:34.928] - eth_getTransactionCount
[2022/04/30 17:58:34.929] - eth_getBalance
[2022/04/30 17:58:34.929] - net_version
[2022/04/30 17:58:34.931] - eth_getTransactionCount
[2022/04/30 17:58:34.932] - eth_getBalance
[2022/04/30 17:58:34.933] - eth_getTransactionCount
[2022/04/30 17:58:34.934] - eth_getBalance
[2022/04/30 17:58:34.935] - eth_getTransactionCount
[2022/04/30 17:58:34.936] - eth_getBalance
[2022/04/30 17:58:34.937] - eth_getTransactionCount
[2022/04/30 17:58:35.307] - eth_accounts
[2022/04/30 17:58:35.315] - eth_getBalance
[2022/04/30 17:58:35.317] - eth_getBalance
[2022/04/30 17:58:35.317] - eth_getBalance
[2022/04/30 17:58:35.319] - eth_getBalance
[2022/04/30 17:58:35.320] - eth_getBalance
[2022/04/30 17:58:35.374] - eth_blockNumber
[2022/04/30 17:58:35.929] - net_version
[2022/04/30 17:58:36.307] - eth_accounts
[2022/04/30 17:58:36.315] - eth_getBalance
[2022/04/30 17:58:36.316] - eth_getBalance
[2022/04/30 17:58:36.317] - eth_getBalance
[2022/04/30 17:58:36.318] - eth_getBalance
[2022/04/30 17:58:36.321] - eth_getBalance
[2022/04/30 17:58:36.929] - net_version
[2022/04/30 17:58:37.307] - eth_accounts
[2022/04/30 17:58:37.317] - eth_getBalance
[2022/04/30 17:58:37.319] - eth_getBalance
[2022/04/30 17:58:37.320] - eth_getBalance
[2022/04/30 17:58:37.322] - eth_getBalance
[2022/04/30 17:58:37.323] - eth_getBalance
[2022/04/30 17:58:37.929] - net_version
[2022/04/30 17:58:38.307] - eth_accounts
[2022/04/30 17:58:38.315] - eth_getBalance
[2022/04/30 17:58:38.316] - eth_getBalance
[2022/04/30 17:58:38.317] - eth_getBalance
[2022/04/30 17:58:38.318] - eth_getBalance
[2022/04/30 17:58:38.322] - eth_getBalance
[2022/04/30 17:58:38.930] - net_version
[2022/04/30 17:58:39.307] - eth_accounts
[2022/04/30 17:58:39.315] - eth_getBalance
[2022/04/30 17:58:39.316] - eth_getBalance
[2022/04/30 17:58:39.319] - eth_getBalance
[2022/04/30 17:58:39.319] - eth_getBalance
[2022/04/30 17:58:39.320] - eth_getBalance
[2022/04/30 17:58:39.929] - net_version
[2022/04/30 17:58:40.307] - eth_accounts
[2022/04/30 17:58:40.314] - eth_getBalance
[2022/04/30 17:58:40.315] - eth_getBalance
[2022/04/30 17:58:40.316] - eth_getBalance
[2022/04/30 17:58:40.317] - eth_getBalance
[2022/04/30 17:58:40.319] - eth_getBalance
[2022/04/30 17:58:40.929] - net_version
[2022/04/30 17:58:41.306] - eth_accounts
[2022/04/30 17:58:41.313] - eth_getBalance
[2022/04/30 17:58:41.314] - eth_getBalance
[2022/04/30 17:58:41.316] - eth_getBalance
[2022/04/30 17:58:41.319] - eth_getBalance
[2022/04/30 17:58:41.320] - eth_getBalance
[2022/04/30 17:58:41.929] - net_version
[2022/04/30 17:58:42.307] - eth_accounts
[2022/04/30 17:58:42.315] - eth_getBalance
[2022/04/30 17:58:42.316] - eth_getBalance
[2022/04/30 17:58:42.317] - eth_getBalance
[2022/04/30 17:58:42.320] - eth_getBalance
[2022/04/30 17:58:42.320] - eth_getBalance
[2022/04/30 17:58:42.929] - net_version
[2022/04/30 17:58:43.306] - eth_accounts
[2022/04/30 17:58:43.314] - eth_getBalance
[2022/04/30 17:58:43.316] - eth_getBalance
[2022/04/30 17:58:43.325] - eth_getBalance
[2022/04/30 17:58:43.325] - eth_getBalance
[2022/04/30 17:58:43.325] - eth_getBalance
[2022/04/30 17:58:43.929] - net_version
[2022/04/30 17:58:44.055] - eth_getBlockByNumber
[2022/04/30 17:58:44.063] - net_version
[2022/04/30 17:58:44.307] - eth_accounts
[2022/04/30 17:58:44.316] - eth_getBalance
[2022/04/30 17:58:44.317] - eth_getBalance
[2022/04/30 17:58:44.319] - eth_getBalance
[2022/04/30 17:58:44.322] - eth_getBalance
[2022/04/30 17:58:44.325] - eth_getBalance
[2022/04/30 17:58:44.929] - net_version
[2022/04/30 17:58:45.306] - eth_accounts
[2022/04/30 17:58:45.314] - eth_getBalance
[2022/04/30 17:58:45.315] - eth_getBalance
[2022/04/30 17:58:45.316] - eth_getBalance
[2022/04/30 17:58:45.318] - eth_getBalance
[2022/04/30 17:58:45.320] - eth_getBalance
[2022/04/30 17:58:45.929] - net_version
[2022/04/30 17:58:46.308] - eth_accounts
[2022/04/30 17:58:46.317] - eth_getBalance
[2022/04/30 17:58:46.318] - eth_getBalance
[2022/04/30 17:58:46.321] - eth_getBalance
[2022/04/30 17:58:46.321] - eth_getBalance
[2022/04/30 17:58:46.322] - eth_getBalance
[2022/04/30 17:58:46.928] - net_version
[2022/04/30 17:58:47.306] - eth_accounts
[2022/04/30 17:58:47.314] - eth_getBalance
[2022/04/30 17:58:47.315] - eth_getBalance
[2022/04/30 17:58:47.316] - eth_getBalance
[2022/04/30 17:58:47.319] - eth_getBalance
[2022/04/30 17:58:47.320] - eth_getBalance
[2022/04/30 17:58:47.928] - net_version
[2022/04/30 17:58:48.306] - eth_accounts
[2022/04/30 17:58:48.314] - eth_getBalance
[2022/04/30 17:58:48.314] - eth_getBalance
[2022/04/30 17:58:48.316] - eth_getBalance
[2022/04/30 17:58:48.316] - eth_getBalance
[2022/04/30 17:58:48.353] - eth_getBalance
[2022/04/30 17:58:48.930] - net_version
[2022/04/30 17:58:49.306] - eth_accounts
[2022/04/30 17:58:49.314] - eth_getBalance
[2022/04/30 17:58:49.315] - eth_getBalance
[2022/04/30 17:58:49.317] - eth_getBalance
[2022/04/30 17:58:49.320] - eth_getBalance
[2022/04/30 17:58:49.320] - eth_getBalance
[2022/04/30 17:58:49.929] - net_version
[2022/04/30 17:58:50.306] - eth_accounts
[2022/04/30 17:58:50.313] - eth_getBalance
[2022/04/30 17:58:50.314] - eth_getBalance
[2022/04/30 17:58:50.315] - eth_getBalance
[2022/04/30 17:58:50.316] - eth_getBalance
[2022/04/30 17:58:50.322] - eth_getBalance
[2022/04/30 17:58:50.929] - net_version
[2022/04/30 17:58:51.307] - eth_accounts
[2022/04/30 17:58:51.315] - eth_getBalance
[2022/04/30 17:58:51.316] - eth_getBalance
[2022/04/30 17:58:51.318] - eth_getBalance
[2022/04/30 17:58:51.322] - eth_getBalance
[2022/04/30 17:58:51.323] - eth_getBalance
[2022/04/30 17:58:51.928] - net_version
[2022/04/30 17:58:52.306] - eth_accounts
[2022/04/30 17:58:52.314] - eth_getBalance
[2022/04/30 17:58:52.315] - eth_getBalance
[2022/04/30 17:58:52.317] - eth_getBalance
[2022/04/30 17:58:52.317] - eth_getBalance
[2022/04/30 17:58:52.319] - eth_getBalance
[2022/04/30 17:58:52.929] - net_version
[2022/04/30 17:58:53.307] - eth_accounts
[2022/04/30 17:58:53.315] - eth_getBalance
[2022/04/30 17:58:53.317] - eth_getBalance
[2022/04/30 17:58:53.318] - eth_getBalance
[2022/04/30 17:58:53.319] - eth_getBalance
[2022/04/30 17:58:53.322] - eth_getBalance
[2022/04/30 17:58:53.929] - net_version
[2022/04/30 17:58:54.307] - eth_accounts
[2022/04/30 17:58:54.315] - eth_getBalance
[2022/04/30 17:58:54.316] - eth_getBalance
[2022/04/30 17:58:54.317] - eth_getBalance
[2022/04/30 17:58:54.321] - eth_getBalance
[2022/04/30 17:58:54.321] - eth_getBalance
[2022/04/30 17:58:54.929] - net_version
[2022/04/30 17:58:55.307] - eth_accounts
[2022/04/30 17:58:55.316] - eth_getBalance
[2022/04/30 17:58:55.317] - eth_getBalance
[2022/04/30 17:58:55.320] - eth_getBalance
[2022/04/30 17:58:55.320] - eth_getBalance
[2022/04/30 17:58:55.323] - eth_getBalance
[2022/04/30 17:58:55.382] - eth_blockNumber
[2022/04/30 17:58:55.929] - net_version
[2022/04/30 17:58:56.306] - eth_accounts
[2022/04/30 17:58:56.315] - eth_getBalance
[2022/04/30 17:58:56.315] - eth_getBalance
[2022/04/30 17:58:56.316] - eth_getBalance
[2022/04/30 17:58:56.319] - eth_getBalance
[2022/04/30 17:58:56.320] - eth_getBalance
[2022/04/30 17:58:56.929] - net_version
[2022/04/30 17:58:57.306] - eth_accounts
[2022/04/30 17:58:57.315] - eth_getBalance
[2022/04/30 17:58:57.315] - eth_getBalance
[2022/04/30 17:58:57.316] - eth_getBalance
[2022/04/30 17:58:57.317] - eth_getBalance
[2022/04/30 17:58:57.319] - eth_getBalance
[2022/04/30 17:58:57.929] - net_version
[2022/04/30 17:58:58.307] - eth_accounts
[2022/04/30 17:58:58.315] - eth_getBalance
[2022/04/30 17:58:58.316] - eth_getBalance
[2022/04/30 17:58:58.318] - eth_getBalance
[2022/04/30 17:58:58.320] - eth_getBalance
[2022/04/30 17:58:58.322] - eth_getBalance
[2022/04/30 17:58:58.929] - net_version
[2022/04/30 17:58:59.056] - eth_getBlockByNumber
[2022/04/30 17:58:59.063] - net_version
[2022/04/30 17:58:59.308] - eth_accounts
[2022/04/30 17:58:59.324] - eth_getBalance
[2022/04/30 17:58:59.324] - eth_getBalance
[2022/04/30 17:58:59.325] - eth_getBalance
[2022/04/30 17:58:59.325] - eth_getBalance
[2022/04/30 17:58:59.326] - eth_getBalance
[2022/04/30 17:58:59.930] - net_version
[2022/04/30 17:59:00.306] - eth_accounts
[2022/04/30 17:59:00.316] - eth_getBalance
[2022/04/30 17:59:00.316] - eth_getBalance
[2022/04/30 17:59:00.317] - eth_getBalance
[2022/04/30 17:59:00.318] - eth_getBalance
[2022/04/30 17:59:00.320] - eth_getBalance
[2022/04/30 17:59:00.930] - net_version
[2022/04/30 17:59:01.307] - eth_accounts
[2022/04/30 17:59:01.314] - eth_getBalance
[2022/04/30 17:59:01.315] - eth_getBalance
[2022/04/30 17:59:01.317] - eth_getBalance
[2022/04/30 17:59:01.318] - eth_getBalance
[2022/04/30 17:59:01.323] - eth_getBalance
[2022/04/30 17:59:01.929] - net_version
[2022/04/30 17:59:02.307] - eth_accounts
[2022/04/30 17:59:02.316] - eth_getBalance
[2022/04/30 17:59:02.317] - eth_getBalance
[2022/04/30 17:59:02.319] - eth_getBalance
[2022/04/30 17:59:02.321] - eth_getBalance
[2022/04/30 17:59:02.321] - eth_getBalance
[2022/04/30 17:59:02.930] - net_version
[2022/04/30 17:59:03.306] - eth_accounts
[2022/04/30 17:59:03.314] - eth_getBalance
[2022/04/30 17:59:03.315] - eth_getBalance
[2022/04/30 17:59:03.318] - eth_getBalance
[2022/04/30 17:59:03.319] - eth_getBalance
[2022/04/30 17:59:03.319] - eth_getBalance
[2022/04/30 17:59:03.929] - net_version
[2022/04/30 17:59:04.307] - eth_accounts
[2022/04/30 17:59:04.315] - eth_getBalance
[2022/04/30 17:59:04.316] - eth_getBalance
[2022/04/30 17:59:04.317] - eth_getBalance
[2022/04/30 17:59:04.321] - eth_getBalance
[2022/04/30 17:59:04.321] - eth_getBalance
[2022/04/30 17:59:04.928] - net_version
[2022/04/30 17:59:05.307] - eth_accounts
[2022/04/30 17:59:05.317] - eth_getBalance
[2022/04/30 17:59:05.318] - eth_getBalance
[2022/04/30 17:59:05.319] - eth_getBalance
[2022/04/30 17:59:05.321] - eth_getBalance
[2022/04/30 17:59:05.323] - eth_getBalance
[2022/04/30 17:59:05.929] - net_version
[2022/04/30 17:59:06.306] - eth_accounts
[2022/04/30 17:59:06.315] - eth_getBalance
[2022/04/30 17:59:06.315] - eth_getBalance
[2022/04/30 17:59:06.317] - eth_getBalance
[2022/04/30 17:59:06.318] - eth_getBalance
[2022/04/30 17:59:06.320] - eth_getBalance
[2022/04/30 17:59:06.929] - net_version
[2022/04/30 17:59:07.307] - eth_accounts
[2022/04/30 17:59:07.315] - eth_getBalance
[2022/04/30 17:59:07.316] - eth_getBalance
[2022/04/30 17:59:07.317] - eth_getBalance
[2022/04/30 17:59:07.318] - eth_getBalance
[2022/04/30 17:59:07.320] - eth_getBalance
[2022/04/30 17:59:07.928] - net_version
[2022/04/30 17:59:08.308] - eth_accounts
[2022/04/30 17:59:08.317] - eth_getBalance
[2022/04/30 17:59:08.318] - eth_getBalance
[2022/04/30 17:59:08.319] - eth_getBalance
[2022/04/30 17:59:08.322] - eth_getBalance
[2022/04/30 17:59:08.324] - eth_getBalance
[2022/04/30 17:59:08.929] - net_version
[2022/04/30 17:59:09.308] - eth_accounts
[2022/04/30 17:59:09.316] - eth_getBalance
[2022/04/30 17:59:09.318] - eth_getBalance
[2022/04/30 17:59:09.319] - eth_getBalance
[2022/04/30 17:59:09.321] - eth_getBalance
[2022/04/30 17:59:09.333] - eth_getBalance
[2022/04/30 17:59:09.930] - net_version
[2022/04/30 17:59:10.307] - eth_accounts
[2022/04/30 17:59:10.315] - eth_getBalance
[2022/04/30 17:59:10.316] - eth_getBalance
[2022/04/30 17:59:10.318] - eth_getBalance
[2022/04/30 17:59:10.333] - eth_getBalance
[2022/04/30 17:59:10.334] - eth_getBalance
[2022/04/30 17:59:10.929] - net_version
[2022/04/30 17:59:11.307] - eth_accounts
[2022/04/30 17:59:11.317] - eth_getBalance
[2022/04/30 17:59:11.317] - eth_getBalance
[2022/04/30 17:59:11.318] - eth_getBalance
[2022/04/30 17:59:11.319] - eth_getBalance
[2022/04/30 17:59:11.321] - eth_getBalance
[2022/04/30 17:59:11.929] - net_version
[2022/04/30 17:59:12.307] - eth_accounts
[2022/04/30 17:59:12.315] - eth_getBalance
[2022/04/30 17:59:12.316] - eth_getBalance
[2022/04/30 17:59:12.317] - eth_getBalance
[2022/04/30 17:59:12.319] - eth_getBalance
[2022/04/30 17:59:12.332] - eth_getBalance
[2022/04/30 17:59:12.928] - net_version
[2022/04/30 17:59:13.172] - eth_unsubscribe
[2022/04/30 17:59:13.173] - eth_unsubscribe
