[2022/04/30 21:50:06.907] - Starting server with initial configuration: {"gasLimit":6721975,"gasPrice":20000000000,"hardfork":"muirGlacier","hostname":"127.0.0.1","port":8545,"network_id":5777,"default_balance_ether":10000,"total_accounts":3,"unlocked_accounts":[],"locked":false,"vmErrorsOnRPCResponse":true,"verbose":false,"db_path":"/home/secondport/.config/Ganache/workspaces/Test/chaindata","logDirectory":"/home/secondport/Documents/DApps/Logs"}
[2022/04/30 21:50:06.960] - eth_subscribe
[2022/04/30 21:50:06.961] - eth_getLogs
[2022/04/30 21:50:06.962] - eth_subscribe
[2022/04/30 21:50:06.982] - eth_subscribe
[2022/04/30 21:50:06.983] - eth_getLogs
[2022/04/30 21:50:06.983] - eth_subscribe
[2022/04/30 21:50:07.048] - eth_blockNumber
[2022/04/30 21:50:07.048] - eth_accounts
[2022/04/30 21:50:07.048] - eth_gasPrice
[2022/04/30 21:50:07.049] - eth_getBlockByNumber
[2022/04/30 21:50:07.049] - eth_subscribe
[2022/04/30 21:50:07.074] - eth_getBalance
[2022/04/30 21:50:07.077] - eth_getTransactionCount
[2022/04/30 21:50:07.081] - eth_getBalance
[2022/04/30 21:50:07.084] - eth_getTransactionCount
[2022/04/30 21:50:07.085] - eth_getBalance
[2022/04/30 21:50:07.087] - eth_getTransactionCount
[2022/04/30 21:50:07.090] - eth_getBalance
[2022/04/30 21:50:07.092] - eth_getTransactionCount
[2022/04/30 21:50:07.093] - eth_getBalance
[2022/04/30 21:50:07.095] - eth_getTransactionCount
[2022/04/30 21:50:07.097] - eth_getBalance
[2022/04/30 21:50:07.099] - eth_getTransactionCount
[2022/04/30 21:50:07.134] - eth_blockNumber
[2022/04/30 21:50:07.134] - eth_accounts
[2022/04/30 21:50:07.135] - eth_gasPrice
[2022/04/30 21:50:07.135] - eth_getBlockByNumber
[2022/04/30 21:50:07.135] - eth_subscribe
[2022/04/30 21:50:07.195] - eth_getBalance
[2022/04/30 21:50:07.196] - eth_getTransactionCount
[2022/04/30 21:50:07.197] - eth_getBalance
[2022/04/30 21:50:07.198] - eth_getTransactionCount
[2022/04/30 21:50:07.200] - eth_getBalance
[2022/04/30 21:50:07.202] - eth_getTransactionCount
[2022/04/30 21:50:07.203] - eth_getBalance
[2022/04/30 21:50:07.204] - eth_getTransactionCount
[2022/04/30 21:50:07.205] - eth_getBalance
[2022/04/30 21:50:07.207] - eth_getTransactionCount
[2022/04/30 21:50:07.209] - eth_getBalance
[2022/04/30 21:50:07.209] - eth_getTransactionCount
[2022/04/30 21:50:26.937] - eth_blockNumber
[2022/04/30 21:50:26.950] - net_version
[2022/04/30 21:50:26.954] - eth_accounts
[2022/04/30 21:50:26.988] - eth_getBlockByNumber
[2022/04/30 21:50:26.997] - eth_accounts
[2022/04/30 21:50:27.029] - net_version
[2022/04/30 21:50:27.034] - eth_getBlockByNumber
[2022/04/30 21:50:27.042] - eth_getBlockByNumber
[2022/04/30 21:50:27.050] - net_version
[2022/04/30 21:50:27.055] - eth_getBlockByNumber
[2022/04/30 21:50:27.067] - eth_estimateGas
[2022/04/30 21:50:27.275] - net_version
[2022/04/30 21:50:27.276] - eth_blockNumber
[2022/04/30 21:50:27.280] - eth_getBlockByNumber
[2022/04/30 21:50:27.289] - eth_estimateGas
[2022/04/30 21:50:27.356] - eth_getBlockByNumber
[2022/04/30 21:50:27.356] - eth_gasPrice
[2022/04/30 21:50:27.361] - eth_sendTransaction
[2022/04/30 21:50:27.414] - 
[2022/04/30 21:50:27.414] -   Transaction: 0xfc7fb0feea1f6e45d149cdfc32233328de32b21c6b4ee64dacd095da5bf1ec01
[2022/04/30 21:50:27.414] -   Contract created: 0xf09a4a67b98f1f0a56f94fe8a5aadb51042f5d2b
[2022/04/30 21:50:27.414] -   Gas usage: 248854
[2022/04/30 21:50:27.414] -   Block Number: 20
[2022/04/30 21:50:27.429] -   Block Time: Sat Apr 30 2022 21:50:27 GMT-0300 (Argentina Standard Time)
[2022/04/30 21:50:27.429] - 
[2022/04/30 21:50:27.431] - eth_getBlockByNumber
[2022/04/30 21:50:27.432] - eth_getBalance
[2022/04/30 21:50:27.432] - eth_getTransactionCount
[2022/04/30 21:50:27.437] - eth_getBalance
[2022/04/30 21:50:27.438] - eth_getTransactionCount
[2022/04/30 21:50:27.438] - eth_getBalance
[2022/04/30 21:50:27.443] - eth_getTransactionCount
[2022/04/30 21:50:27.447] - eth_getTransactionReceipt
[2022/04/30 21:50:27.498] - eth_getCode
[2022/04/30 21:50:27.510] - eth_getTransactionByHash
[2022/04/30 21:50:27.519] - eth_getBlockByNumber
[2022/04/30 21:50:27.525] - eth_getBalance
[2022/04/30 21:50:27.533] - eth_getBlockByNumber
[2022/04/30 21:50:27.543] - eth_getBlockByNumber
[2022/04/30 21:50:27.559] - eth_estimateGas
[2022/04/30 21:50:27.647] - eth_getBlockByNumber
[2022/04/30 21:50:27.648] - eth_gasPrice
[2022/04/30 21:50:27.658] - eth_sendTransaction
[2022/04/30 21:50:27.700] - 
[2022/04/30 21:50:27.700] -   Transaction: 0x8ba501e4719327d3c934804291632302be914277f5dc156cf7bc139bbb619071
[2022/04/30 21:50:27.700] -   Gas usage: 42513
[2022/04/30 21:50:27.700] -   Block Number: 21
[2022/04/30 21:50:27.700] -   Block Time: Sat Apr 30 2022 21:50:27 GMT-0300 (Argentina Standard Time)
[2022/04/30 21:50:27.700] - 
[2022/04/30 21:50:27.702] - eth_getBlockByNumber
[2022/04/30 21:50:27.703] - eth_getBalance
[2022/04/30 21:50:27.714] - eth_getTransactionCount
[2022/04/30 21:50:27.714] - eth_getBalance
[2022/04/30 21:50:27.715] - eth_getTransactionReceipt
[2022/04/30 21:50:27.715] - eth_getTransactionCount
[2022/04/30 21:50:27.717] - eth_getBalance
[2022/04/30 21:50:27.721] - eth_getTransactionCount
[2022/04/30 21:50:27.747] - eth_getBlockByNumber
[2022/04/30 21:50:27.760] - eth_accounts
[2022/04/30 21:51:13.418] - eth_getBlockByNumber
[2022/04/30 21:51:13.430] - eth_getTransactionReceipt
[2022/04/30 21:51:13.440] - eth_getBlockByNumber
[2022/04/30 21:51:13.451] - eth_getTransactionReceipt
[2022/04/30 21:51:13.461] - eth_getBlockByNumber
[2022/04/30 21:51:13.472] - eth_getTransactionReceipt
[2022/04/30 21:51:13.482] - eth_getBlockByNumber
[2022/04/30 21:51:13.494] - eth_getTransactionReceipt
[2022/04/30 21:51:13.503] - eth_getBlockByNumber
[2022/04/30 21:51:13.511] - eth_getTransactionReceipt
[2022/04/30 21:51:13.518] - eth_getBlockByNumber
[2022/04/30 21:51:13.527] - eth_getTransactionReceipt
[2022/04/30 21:51:13.537] - eth_getBlockByNumber
[2022/04/30 21:51:13.544] - eth_getTransactionReceipt
[2022/04/30 21:51:13.552] - eth_getBlockByNumber
[2022/04/30 21:51:13.562] - eth_getTransactionReceipt
[2022/04/30 21:51:13.571] - eth_getBlockByNumber
[2022/04/30 21:51:13.578] - eth_getTransactionReceipt
[2022/04/30 21:51:13.587] - eth_getBlockByNumber
[2022/04/30 21:51:13.594] - eth_getTransactionReceipt
[2022/04/30 21:51:13.603] - eth_getBlockByNumber
[2022/04/30 21:51:13.610] - eth_getTransactionReceipt
[2022/04/30 21:51:16.688] - eth_getTransactionByHash
[2022/04/30 21:53:46.224] - eth_blockNumber
[2022/04/30 21:53:46.234] - net_version
[2022/04/30 21:53:46.264] - eth_accounts
[2022/04/30 21:53:46.283] - eth_getBlockByNumber
[2022/04/30 21:53:46.304] - eth_getCode
[2022/04/30 21:53:46.393] - eth_call
[2022/04/30 21:53:46.430] - eth_getBlockByNumber
[2022/04/30 21:53:46.436] - eth_getCode
[2022/04/30 21:53:46.467] - eth_call
[2022/04/30 21:53:46.493] - eth_getBlockByNumber
[2022/04/30 21:53:46.503] - eth_accounts
[2022/04/30 21:54:43.387] - eth_blockNumber
[2022/04/30 21:54:43.406] - net_version
[2022/04/30 21:54:43.408] - net_version
[2022/04/30 22:02:32.390] - eth_getBlockByNumber
[2022/04/30 22:02:32.403] - eth_getBlockByNumber
[2022/04/30 22:02:32.411] - eth_getBlockByNumber
[2022/04/30 22:02:32.419] - eth_getBlockByNumber
[2022/04/30 22:02:32.425] - eth_getBlockByNumber
[2022/04/30 22:02:32.432] - eth_getBlockByNumber
[2022/04/30 22:02:32.438] - eth_getBlockByNumber
[2022/04/30 22:02:32.445] - eth_getBlockByNumber
[2022/04/30 22:02:32.453] - eth_getBlockByNumber
[2022/04/30 22:02:32.458] - eth_getBlockByNumber
[2022/04/30 22:02:32.465] - eth_getBlockByNumber
[2022/04/30 22:02:32.472] - eth_getLogs
[2022/04/30 22:04:21.172] - eth_unsubscribe
[2022/04/30 22:04:21.172] - eth_unsubscribe
