[2022/04/30 17:38:58.205] - Starting server with initial configuration: {"gasLimit":6721975,"gasPrice":20000000000,"hardfork":"muirGlacier","hostname":"127.0.0.1","port":8545,"network_id":5777,"default_balance_ether":1000,"total_accounts":5,"unlocked_accounts":[],"locked":false,"vmErrorsOnRPCResponse":true,"verbose":false,"db_path":"/home/secondport/.config/Ganache/workspaces/disillusioned-pail/chaindata","logDirectory":"/home/secondport/Documents/DApps/Logs"}
[2022/04/30 17:38:58.273] - eth_subscribe
[2022/04/30 17:38:58.274] - eth_getLogs
[2022/04/30 17:38:58.274] - eth_subscribe
[2022/04/30 17:38:58.296] - eth_subscribe
[2022/04/30 17:38:58.297] - eth_getLogs
[2022/04/30 17:38:58.297] - eth_subscribe
[2022/04/30 17:38:58.337] - eth_subscribe
[2022/04/30 17:38:58.337] - eth_blockNumber
[2022/04/30 17:38:58.337] - eth_accounts
[2022/04/30 17:38:58.337] - eth_gasPrice
[2022/04/30 17:38:58.338] - eth_getBlockByNumber
[2022/04/30 17:38:58.338] - eth_subscribe
[2022/04/30 17:38:58.358] - eth_getBalance
[2022/04/30 17:38:58.359] - eth_getTransactionCount
[2022/04/30 17:38:58.360] - eth_getBalance
[2022/04/30 17:38:58.363] - eth_getTransactionCount
[2022/04/30 17:38:58.365] - eth_getBalance
[2022/04/30 17:38:58.366] - eth_getTransactionCount
[2022/04/30 17:38:58.368] - eth_getBalance
[2022/04/30 17:38:58.371] - eth_getTransactionCount
[2022/04/30 17:38:58.372] - eth_getBalance
[2022/04/30 17:38:58.375] - eth_getTransactionCount
[2022/04/30 17:38:58.376] - eth_getBalance
[2022/04/30 17:38:58.377] - eth_getTransactionCount
[2022/04/30 17:38:58.381] - eth_getBalance
[2022/04/30 17:38:58.382] - eth_getTransactionCount
[2022/04/30 17:38:58.383] - eth_getBalance
[2022/04/30 17:38:58.385] - eth_getTransactionCount
[2022/04/30 17:38:58.387] - eth_getBalance
[2022/04/30 17:38:58.394] - eth_getTransactionCount
[2022/04/30 17:38:58.394] - eth_getBalance
[2022/04/30 17:38:58.395] - eth_getTransactionCount
[2022/04/30 17:38:58.418] - eth_blockNumber
[2022/04/30 17:38:58.418] - eth_accounts
[2022/04/30 17:38:58.419] - eth_gasPrice
[2022/04/30 17:38:58.419] - eth_getBlockByNumber
[2022/04/30 17:38:58.488] - eth_getBalance
[2022/04/30 17:38:58.490] - eth_getTransactionCount
[2022/04/30 17:38:58.492] - eth_getBalance
[2022/04/30 17:38:58.495] - eth_getTransactionCount
[2022/04/30 17:38:58.497] - eth_getBalance
[2022/04/30 17:38:58.498] - eth_getTransactionCount
[2022/04/30 17:38:58.499] - eth_getBalance
[2022/04/30 17:38:58.501] - eth_getTransactionCount
[2022/04/30 17:38:58.503] - eth_getBalance
[2022/04/30 17:38:58.504] - eth_getTransactionCount
[2022/04/30 17:38:58.517] - eth_getBalance
[2022/04/30 17:38:58.518] - eth_getTransactionCount
[2022/04/30 17:38:58.519] - eth_getBalance
[2022/04/30 17:38:58.520] - eth_getTransactionCount
[2022/04/30 17:38:58.521] - eth_getBalance
[2022/04/30 17:38:58.522] - eth_getTransactionCount
[2022/04/30 17:38:58.524] - eth_getBalance
[2022/04/30 17:38:58.525] - eth_getTransactionCount
[2022/04/30 17:39:07.973] - eth_getBlockByNumber
[2022/04/30 17:39:07.981] - eth_getBlockTransactionCountByHash
[2022/04/30 17:40:07.587] - eth_unsubscribe
[2022/04/30 17:40:07.588] - eth_unsubscribe
